{"numTotalTestSuites":117,"numPassedTestSuites":82,"numFailedTestSuites":35,"numPendingTestSuites":0,"numTotalTests":247,"numPassedTests":189,"numFailedTests":58,"numPendingTests":0,"numTodoTests":0,"snapshot":{"added":0,"failure":false,"filesAdded":0,"filesRemoved":0,"filesRemovedList":[],"filesUnmatched":0,"filesUpdated":0,"matched":0,"total":0,"unchecked":0,"uncheckedKeysByFile":[],"unmatched":0,"updated":0,"didUpdate":false},"startTime":1772942721007,"success":false,"testResults":[{"assertionResults":[{"ancestorTitles":["API Index exports"],"fullName":"API Index exports should export TreatmentPlanApi from index","status":"passed","title":"should export TreatmentPlanApi from index","duration":0.8927000000001044,"failureMessages":[],"meta":{}},{"ancestorTitles":["API Index exports"],"fullName":"API Index exports should have generateStream method","status":"passed","title":"should have generateStream method","duration":0.14410000000020773,"failureMessages":[],"meta":{}},{"ancestorTitles":["API Index exports"],"fullName":"API Index exports should have generate method","status":"passed","title":"should have generate method","duration":0.11620000000016262,"failureMessages":[],"meta":{}}],"startTime":1772942729253,"endTime":1772942729254.144,"status":"passed","message":"","name":"C:/Users/DORAT/Desktop/Rehab-main/src/api/__tests__/index.test.ts"},{"assertionResults":[{"ancestorTitles":["TreatmentPlanApi","generateStream"],"fullName":"TreatmentPlanApi generateStream 应该成功调用流式 API 并处理 chunks","status":"passed","title":"应该成功调用流式 API 并处理 chunks","duration":9.740300000000389,"failureMessages":[],"meta":{}},{"ancestorTitles":["TreatmentPlanApi","generateStream"],"fullName":"TreatmentPlanApi generateStream 应该在 HTTP 错误时抛出异常","status":"passed","title":"应该在 HTTP 错误时抛出异常","duration":8.697400000000016,"failureMessages":[],"meta":{}},{"ancestorTitles":["TreatmentPlanApi","generateStream"],"fullName":"TreatmentPlanApi generateStream 应该在无响应体时抛出异常","status":"passed","title":"应该在无响应体时抛出异常","duration":1.8387000000002445,"failureMessages":[],"meta":{}},{"ancestorTitles":["TreatmentPlanApi","generateStream"],"fullName":"TreatmentPlanApi generateStream 应该发送正确的请求体","status":"passed","title":"应该发送正确的请求体","duration":0.8782000000001062,"failureMessages":[],"meta":{}},{"ancestorTitles":["TreatmentPlanApi","generateStream"],"fullName":"TreatmentPlanApi generateStream 应该处理网络错误","status":"passed","title":"应该处理网络错误","duration":3.6288000000004104,"failureMessages":[],"meta":{}},{"ancestorTitles":["TreatmentPlanApi","generateStream"],"fullName":"TreatmentPlanApi generateStream 应该处理空的 chunks","status":"passed","title":"应该处理空的 chunks","duration":1.7854999999999563,"failureMessages":[],"meta":{}},{"ancestorTitles":["TreatmentPlanApi","generate"],"fullName":"TreatmentPlanApi generate 应该成功调用非流式 API","status":"passed","title":"应该成功调用非流式 API","duration":1.2532000000001062,"failureMessages":[],"meta":{}},{"ancestorTitles":["TreatmentPlanApi","generate"],"fullName":"TreatmentPlanApi generate 应该在 HTTP 错误时抛出异常","status":"passed","title":"应该在 HTTP 错误时抛出异常","duration":1.12920000000031,"failureMessages":[],"meta":{}},{"ancestorTitles":["TreatmentPlanApi","generate"],"fullName":"TreatmentPlanApi generate 应该发送正确的请求体","status":"passed","title":"应该发送正确的请求体","duration":0.5127999999995154,"failureMessages":[],"meta":{}},{"ancestorTitles":["TreatmentPlanApi","generate"],"fullName":"TreatmentPlanApi generate 应该处理网络错误","status":"passed","title":"应该处理网络错误","duration":1.4040999999997439,"failureMessages":[],"meta":{}},{"ancestorTitles":["TreatmentPlanApi","generate"],"fullName":"TreatmentPlanApi generate 应该处理 JSON 解析错误","status":"passed","title":"应该处理 JSON 解析错误","duration":1.5577999999995882,"failureMessages":[],"meta":{}},{"ancestorTitles":["TreatmentPlanApi","API 基础 URL"],"fullName":"TreatmentPlanApi API 基础 URL 应该使用正确的 API 基础 URL","status":"passed","title":"应该使用正确的 API 基础 URL","duration":0.44130000000041036,"failureMessages":[],"meta":{}}],"startTime":1772942726457,"endTime":1772942726490.5579,"status":"passed","message":"","name":"C:/Users/DORAT/Desktop/Rehab-main/src/api/__tests__/treatmentPlanApi.test.ts"},{"assertionResults":[{"ancestorTitles":["WebcamView"],"fullName":"WebcamView renders correctly when camera is on","status":"passed","title":"renders correctly when camera is on","duration":120.3184999999994,"failureMessages":[],"meta":{}},{"ancestorTitles":["WebcamView"],"fullName":"WebcamView shows message when no active measurements","status":"passed","title":"shows message when no active measurements","duration":32.146999999999935,"failureMessages":[],"meta":{}},{"ancestorTitles":["WebcamView"],"fullName":"WebcamView displays active measurements and angles","status":"passed","title":"displays active measurements and angles","duration":11.76969999999983,"failureMessages":[],"meta":{}}],"startTime":1772942727326,"endTime":1772942727490.7698,"status":"passed","message":"","name":"C:/Users/DORAT/Desktop/Rehab-main/src/components/__tests__/WebcamView.test.tsx"},{"assertionResults":[{"ancestorTitles":["useAssessmentRecordStore","初始状态"],"fullName":"useAssessmentRecordStore 初始状态 应该初始化为空状态","status":"passed","title":"应该初始化为空状态","duration":4.820400000000063,"failureMessages":[],"meta":{}},{"ancestorTitles":["useAssessmentRecordStore","addRecord"],"fullName":"useAssessmentRecordStore addRecord 应该成功添加评估记录","status":"passed","title":"应该成功添加评估记录","duration":3.5673000000001593,"failureMessages":[],"meta":{}},{"ancestorTitles":["useAssessmentRecordStore","addRecord"],"fullName":"useAssessmentRecordStore addRecord 应该将新记录设置为当前记录","status":"passed","title":"应该将新记录设置为当前记录","duration":0.8642000000004373,"failureMessages":[],"meta":{}},{"ancestorTitles":["useAssessmentRecordStore","updateRecord"],"fullName":"useAssessmentRecordStore updateRecord 应该成功更新记录","status":"passed","title":"应该成功更新记录","duration":0.9238999999997759,"failureMessages":[],"meta":{}},{"ancestorTitles":["useAssessmentRecordStore","updateRecord"],"fullName":"useAssessmentRecordStore updateRecord 应该更新当前记录","status":"passed","title":"应该更新当前记录","duration":0.6165000000000873,"failureMessages":[],"meta":{}},{"ancestorTitles":["useAssessmentRecordStore","updateRecord"],"fullName":"useAssessmentRecordStore updateRecord 应该不影响其他记录","status":"passed","title":"应该不影响其他记录","duration":0.7007000000003245,"failureMessages":[],"meta":{}},{"ancestorTitles":["useAssessmentRecordStore","deleteRecord"],"fullName":"useAssessmentRecordStore deleteRecord 应该成功删除记录","status":"passed","title":"应该成功删除记录","duration":1.0704000000000633,"failureMessages":[],"meta":{}},{"ancestorTitles":["useAssessmentRecordStore","deleteRecord"],"fullName":"useAssessmentRecordStore deleteRecord 应该清除当前记录如果删除的是当前记录","status":"passed","title":"应该清除当前记录如果删除的是当前记录","duration":0.7623999999996158,"failureMessages":[],"meta":{}},{"ancestorTitles":["useAssessmentRecordStore","deleteRecord"],"fullName":"useAssessmentRecordStore deleteRecord 应该不影响其他记录","status":"passed","title":"应该不影响其他记录","duration":0.9439000000002125,"failureMessages":[],"meta":{}},{"ancestorTitles":["useAssessmentRecordStore","setCurrentRecord"],"fullName":"useAssessmentRecordStore setCurrentRecord 应该成功设置当前记录","status":"passed","title":"应该成功设置当前记录","duration":0.698699999999917,"failureMessages":[],"meta":{}},{"ancestorTitles":["useAssessmentRecordStore","setCurrentRecord"],"fullName":"useAssessmentRecordStore setCurrentRecord 应该设置为null如果记录不存在","status":"passed","title":"应该设置为null如果记录不存在","duration":0.2617000000000189,"failureMessages":[],"meta":{}},{"ancestorTitles":["useAssessmentRecordStore","clearRecords"],"fullName":"useAssessmentRecordStore clearRecords 应该清空所有记录","status":"passed","title":"应该清空所有记录","duration":0.6331999999997606,"failureMessages":[],"meta":{}}],"startTime":1772942728809,"endTime":1772942728826.6333,"status":"passed","message":"","name":"C:/Users/DORAT/Desktop/Rehab-main/src/store/__tests__/useAssessmentRecordStore.test.ts"},{"assertionResults":[{"ancestorTitles":["useTreatmentPlanStore","初始状态"],"fullName":"useTreatmentPlanStore 初始状态 应该有正确的初始状态","status":"passed","title":"应该有正确的初始状态","duration":4.148000000000138,"failureMessages":[],"meta":{}},{"ancestorTitles":["useTreatmentPlanStore","generatePlan"],"fullName":"useTreatmentPlanStore generatePlan 应该成功生成治疗计划","status":"passed","title":"应该成功生成治疗计划","duration":3.4079000000001543,"failureMessages":[],"meta":{}},{"ancestorTitles":["useTreatmentPlanStore","generatePlan"],"fullName":"useTreatmentPlanStore generatePlan 应该在生成时设置 isGenerating 为 true","status":"passed","title":"应该在生成时设置 isGenerating 为 true","duration":0.5605000000000473,"failureMessages":[],"meta":{}},{"ancestorTitles":["useTreatmentPlanStore","generatePlan"],"fullName":"useTreatmentPlanStore generatePlan 应该处理 API 错误","status":"passed","title":"应该处理 API 错误","duration":0.4855999999999767,"failureMessages":[],"meta":{}},{"ancestorTitles":["useTreatmentPlanStore","generatePlan"],"fullName":"useTreatmentPlanStore generatePlan 应该处理非 Error 类型的错误","status":"passed","title":"应该处理非 Error 类型的错误","duration":0.3022000000000844,"failureMessages":[],"meta":{}},{"ancestorTitles":["useTreatmentPlanStore","generatePlan"],"fullName":"useTreatmentPlanStore generatePlan 应该在开始时清空当前内容","status":"passed","title":"应该在开始时清空当前内容","duration":0.39909999999963475,"failureMessages":[],"meta":{}},{"ancestorTitles":["useTreatmentPlanStore","generatePlan"],"fullName":"useTreatmentPlanStore generatePlan 应该累积多个 chunks","status":"passed","title":"应该累积多个 chunks","duration":0.37409999999999854,"failureMessages":[],"meta":{}},{"ancestorTitles":["useTreatmentPlanStore","clearContent"],"fullName":"useTreatmentPlanStore clearContent 应该清空当前内容","status":"passed","title":"应该清空当前内容","duration":0.1696999999999207,"failureMessages":[],"meta":{}},{"ancestorTitles":["useTreatmentPlanStore","clearContent"],"fullName":"useTreatmentPlanStore clearContent 应该清空错误信息","status":"passed","title":"应该清空错误信息","duration":0.15439999999989595,"failureMessages":[],"meta":{}},{"ancestorTitles":["useTreatmentPlanStore","setError"],"fullName":"useTreatmentPlanStore setError 应该设置错误信息","status":"passed","title":"应该设置错误信息","duration":0.17970000000013897,"failureMessages":[],"meta":{}},{"ancestorTitles":["useTreatmentPlanStore","setError"],"fullName":"useTreatmentPlanStore setError 应该清除错误信息","status":"passed","title":"应该清除错误信息","duration":0.135899999999765,"failureMessages":[],"meta":{}}],"startTime":1772942728894,"endTime":1772942728905.1797,"status":"passed","message":"","name":"C:/Users/DORAT/Desktop/Rehab-main/src/store/__tests__/useTreatmentPlanStore.test.ts"},{"assertionResults":[{"ancestorTitles":["useTreatmentPlanStore - 版本管理","初始状态"],"fullName":"useTreatmentPlanStore - 版本管理 初始状态 应该有正确的初始状态","status":"passed","title":"应该有正确的初始状态","duration":3.1195000000002437,"failureMessages":[],"meta":{}},{"ancestorTitles":["useTreatmentPlanStore - 版本管理","saveVersion"],"fullName":"useTreatmentPlanStore - 版本管理 saveVersion 应该保存新版本","status":"passed","title":"应该保存新版本","duration":2.7822000000001026,"failureMessages":[],"meta":{}},{"ancestorTitles":["useTreatmentPlanStore - 版本管理","saveVersion"],"fullName":"useTreatmentPlanStore - 版本管理 saveVersion 应该自动递增版本号","status":"passed","title":"应该自动递增版本号","duration":1.0122000000001208,"failureMessages":[],"meta":{}},{"ancestorTitles":["useTreatmentPlanStore - 版本管理","saveVersion"],"fullName":"useTreatmentPlanStore - 版本管理 saveVersion 应该将旧版本标记为非当前","status":"passed","title":"应该将旧版本标记为非当前","duration":0.6028999999998632,"failureMessages":[],"meta":{}},{"ancestorTitles":["useTreatmentPlanStore - 版本管理","switchVersion"],"fullName":"useTreatmentPlanStore - 版本管理 switchVersion 应该切换到指定版本","status":"passed","title":"应该切换到指定版本","duration":0.7496999999998479,"failureMessages":[],"meta":{}},{"ancestorTitles":["useTreatmentPlanStore - 版本管理","switchVersion"],"fullName":"useTreatmentPlanStore - 版本管理 switchVersion 应该更新当前版本标记","status":"passed","title":"应该更新当前版本标记","duration":0.5778000000000247,"failureMessages":[],"meta":{}},{"ancestorTitles":["useTreatmentPlanStore - 版本管理","deleteVersion"],"fullName":"useTreatmentPlanStore - 版本管理 deleteVersion 应该删除指定版本","status":"passed","title":"应该删除指定版本","duration":1.0009000000000015,"failureMessages":[],"meta":{}},{"ancestorTitles":["useTreatmentPlanStore - 版本管理","deleteVersion"],"fullName":"useTreatmentPlanStore - 版本管理 deleteVersion 删除当前版本时应切换到最新版本","status":"passed","title":"删除当前版本时应切换到最新版本","duration":0.5985999999998057,"failureMessages":[],"meta":{}},{"ancestorTitles":["useTreatmentPlanStore - 版本管理","deleteVersion"],"fullName":"useTreatmentPlanStore - 版本管理 deleteVersion 删除所有版本时应清空当前内容","status":"passed","title":"删除所有版本时应清空当前内容","duration":0.5186000000003332,"failureMessages":[],"meta":{}},{"ancestorTitles":["useTreatmentPlanStore - 版本管理","updateVersionTags"],"fullName":"useTreatmentPlanStore - 版本管理 updateVersionTags 应该更新版本标签","status":"passed","title":"应该更新版本标签","duration":0.6007999999997082,"failureMessages":[],"meta":{}},{"ancestorTitles":["useTreatmentPlanStore - 版本管理","updateVersionNotes"],"fullName":"useTreatmentPlanStore - 版本管理 updateVersionNotes 应该更新版本备注","status":"passed","title":"应该更新版本备注","duration":0.41180000000031214,"failureMessages":[],"meta":{}},{"ancestorTitles":["useTreatmentPlanStore - 版本管理","startCompare"],"fullName":"useTreatmentPlanStore - 版本管理 startCompare 应该开始版本对比","status":"passed","title":"应该开始版本对比","duration":0.3666000000002896,"failureMessages":[],"meta":{}},{"ancestorTitles":["useTreatmentPlanStore - 版本管理","endCompare"],"fullName":"useTreatmentPlanStore - 版本管理 endCompare 应该结束版本对比","status":"passed","title":"应该结束版本对比","duration":0.30159999999978027,"failureMessages":[],"meta":{}}],"startTime":1772942728689,"endTime":1772942728703.3015,"status":"passed","message":"","name":"C:/Users/DORAT/Desktop/Rehab-main/src/store/__tests__/useTreatmentPlanStore.versions.test.ts"},{"assertionResults":[{"ancestorTitles":["useCameraStream (V2)"],"fullName":"useCameraStream (V2) should request a new stream when enabled","status":"passed","title":"should request a new stream when enabled","duration":114.1900999999998,"failureMessages":[],"meta":{}},{"ancestorTitles":["useCameraStream (V2)"],"fullName":"useCameraStream (V2) should not request stream when disabled","status":"passed","title":"should not request stream when disabled","duration":21.0612000000001,"failureMessages":[],"meta":{}},{"ancestorTitles":["useCameraStream (V2)"],"fullName":"useCameraStream (V2) should handle camera errors","status":"passed","title":"should handle camera errors","duration":84.16600000000017,"failureMessages":[],"meta":{}},{"ancestorTitles":["useCameraStream (V2)"],"fullName":"useCameraStream (V2) should provide track info when stream is active","status":"passed","title":"should provide track info when stream is active","duration":99.1911,"failureMessages":[],"meta":{}},{"ancestorTitles":["useCameraStream (V2)"],"fullName":"useCameraStream (V2) should cleanup stream when unmounted","status":"passed","title":"should cleanup stream when unmounted","duration":77.29690000000028,"failureMessages":[],"meta":{}}],"startTime":1772942726837,"endTime":1772942727233.2969,"status":"passed","message":"","name":"C:/Users/DORAT/Desktop/Rehab-main/src/hooks/__tests__/useCameraStream.test.ts"},{"assertionResults":[],"startTime":1772942721007,"endTime":1772942721007,"status":"failed","message":"[vitest] No \"POSE_CONNECTIONS\" export is defined on the \"@mediapipe/pose\" mock. Did you forget to return it from \"vi.mock\"?\nIf you need to partially mock a module, you can use \"importOriginal\" helper inside:\n","name":"C:/Users/DORAT/Desktop/Rehab-main/src/hooks/__tests__/useMediaPipe.test.ts"},{"assertionResults":[{"ancestorTitles":["usePostureWS","WebSocket connection management"],"fullName":"usePostureWS WebSocket connection management should initialize with disconnected status","status":"failed","title":"should initialize with disconnected status","duration":60.287500000000364,"failureMessages":["AssertionError: expected 'error' to be 'disconnected' // Object.is equality\n    at C:/Users/DORAT/Desktop/Rehab-main/src/hooks/__tests__/usePostureWS.test.ts:49:37\n    at file:///C:/Users/DORAT/Desktop/Rehab-main/node_modules/@vitest/runner/dist/index.js:145:11\n    at file:///C:/Users/DORAT/Desktop/Rehab-main/node_modules/@vitest/runner/dist/index.js:915:26\n    at file:///C:/Users/DORAT/Desktop/Rehab-main/node_modules/@vitest/runner/dist/index.js:1243:20\n    at new Promise (<anonymous>)\n    at runWithTimeout (file:///C:/Users/DORAT/Desktop/Rehab-main/node_modules/@vitest/runner/dist/index.js:1209:10)\n    at file:///C:/Users/DORAT/Desktop/Rehab-main/node_modules/@vitest/runner/dist/index.js:1653:37\n    at Traces.$ (file:///C:/Users/DORAT/Desktop/Rehab-main/node_modules/vitest/dist/chunks/traces.CCmnQaNT.js:142:27)\n    at trace (file:///C:/Users/DORAT/Desktop/Rehab-main/node_modules/vitest/dist/chunks/test.B8ej_ZHS.js:239:21)\n    at runTest (file:///C:/Users/DORAT/Desktop/Rehab-main/node_modules/@vitest/runner/dist/index.js:1653:12)"],"meta":{}},{"ancestorTitles":["usePostureWS","WebSocket connection management"],"fullName":"usePostureWS WebSocket connection management should connect to WebSocket on mount","status":"passed","title":"should connect to WebSocket on mount","duration":6.201299999999719,"failureMessages":[],"meta":{}},{"ancestorTitles":["usePostureWS","WebSocket connection management"],"fullName":"usePostureWS WebSocket connection management should update status to connecting when WebSocket is opening","status":"failed","title":"should update status to connecting when WebSocket is opening","duration":24.966999999999643,"failureMessages":["AssertionError: expected 'error' to be 'connected' // Object.is equality\n    at C:/Users/DORAT/Desktop/Rehab-main/src/hooks/__tests__/usePostureWS.test.ts:72:37\n    at file:///C:/Users/DORAT/Desktop/Rehab-main/node_modules/@vitest/runner/dist/index.js:145:11\n    at file:///C:/Users/DORAT/Desktop/Rehab-main/node_modules/@vitest/runner/dist/index.js:915:26\n    at file:///C:/Users/DORAT/Desktop/Rehab-main/node_modules/@vitest/runner/dist/index.js:1243:20\n    at new Promise (<anonymous>)\n    at runWithTimeout (file:///C:/Users/DORAT/Desktop/Rehab-main/node_modules/@vitest/runner/dist/index.js:1209:10)\n    at file:///C:/Users/DORAT/Desktop/Rehab-main/node_modules/@vitest/runner/dist/index.js:1653:37\n    at Traces.$ (file:///C:/Users/DORAT/Desktop/Rehab-main/node_modules/vitest/dist/chunks/traces.CCmnQaNT.js:142:27)\n    at trace (file:///C:/Users/DORAT/Desktop/Rehab-main/node_modules/vitest/dist/chunks/test.B8ej_ZHS.js:239:21)\n    at runTest (file:///C:/Users/DORAT/Desktop/Rehab-main/node_modules/@vitest/runner/dist/index.js:1653:12)"],"meta":{}},{"ancestorTitles":["usePostureWS","WebSocket connection management"],"fullName":"usePostureWS WebSocket connection management should update status to disconnected when WebSocket closes","status":"failed","title":"should update status to disconnected when WebSocket closes","duration":16.628899999999703,"failureMessages":["AssertionError: expected 'error' to be 'disconnected' // Object.is equality\n    at C:/Users/DORAT/Desktop/Rehab-main/src/hooks/__tests__/usePostureWS.test.ts:86:37\n    at file:///C:/Users/DORAT/Desktop/Rehab-main/node_modules/@vitest/runner/dist/index.js:145:11\n    at file:///C:/Users/DORAT/Desktop/Rehab-main/node_modules/@vitest/runner/dist/index.js:915:26\n    at file:///C:/Users/DORAT/Desktop/Rehab-main/node_modules/@vitest/runner/dist/index.js:1243:20\n    at new Promise (<anonymous>)\n    at runWithTimeout (file:///C:/Users/DORAT/Desktop/Rehab-main/node_modules/@vitest/runner/dist/index.js:1209:10)\n    at file:///C:/Users/DORAT/Desktop/Rehab-main/node_modules/@vitest/runner/dist/index.js:1653:37\n    at Traces.$ (file:///C:/Users/DORAT/Desktop/Rehab-main/node_modules/vitest/dist/chunks/traces.CCmnQaNT.js:142:27)\n    at trace (file:///C:/Users/DORAT/Desktop/Rehab-main/node_modules/vitest/dist/chunks/test.B8ej_ZHS.js:239:21)\n    at runTest (file:///C:/Users/DORAT/Desktop/Rehab-main/node_modules/@vitest/runner/dist/index.js:1653:12)"],"meta":{}},{"ancestorTitles":["usePostureWS","WebSocket connection management"],"fullName":"usePostureWS WebSocket connection management should update status to error when WebSocket errors","status":"passed","title":"should update status to error when WebSocket errors","duration":5.199300000000221,"failureMessages":[],"meta":{}},{"ancestorTitles":["usePostureWS","WebSocket connection management"],"fullName":"usePostureWS WebSocket connection management should reconnect on disconnection","status":"failed","title":"should reconnect on disconnection","duration":6.860999999999876,"failureMessages":["AssertionError: expected 'error' to be 'disconnected' // Object.is equality\n    at C:/Users/DORAT/Desktop/Rehab-main/src/hooks/__tests__/usePostureWS.test.ts:115:37\n    at file:///C:/Users/DORAT/Desktop/Rehab-main/node_modules/@vitest/runner/dist/index.js:145:11\n    at file:///C:/Users/DORAT/Desktop/Rehab-main/node_modules/@vitest/runner/dist/index.js:915:26\n    at file:///C:/Users/DORAT/Desktop/Rehab-main/node_modules/@vitest/runner/dist/index.js:1243:20\n    at new Promise (<anonymous>)\n    at runWithTimeout (file:///C:/Users/DORAT/Desktop/Rehab-main/node_modules/@vitest/runner/dist/index.js:1209:10)\n    at file:///C:/Users/DORAT/Desktop/Rehab-main/node_modules/@vitest/runner/dist/index.js:1653:37\n    at Traces.$ (file:///C:/Users/DORAT/Desktop/Rehab-main/node_modules/vitest/dist/chunks/traces.CCmnQaNT.js:142:27)\n    at trace (file:///C:/Users/DORAT/Desktop/Rehab-main/node_modules/vitest/dist/chunks/test.B8ej_ZHS.js:239:21)\n    at runTest (file:///C:/Users/DORAT/Desktop/Rehab-main/node_modules/@vitest/runner/dist/index.js:1653:12)"],"meta":{}},{"ancestorTitles":["usePostureWS","Message handling"],"fullName":"usePostureWS Message handling should handle POSTURE_ANALYSIS response","status":"failed","title":"should handle POSTURE_ANALYSIS response","duration":42.02089999999953,"failureMessages":["AssertionError: expected null to deeply equal { type: 'POSTURE_ANALYSIS', …(3) }\n    at C:/Users/DORAT/Desktop/Rehab-main/src/hooks/__tests__/usePostureWS.test.ts:154:37\n    at file:///C:/Users/DORAT/Desktop/Rehab-main/node_modules/@vitest/runner/dist/index.js:145:11\n    at file:///C:/Users/DORAT/Desktop/Rehab-main/node_modules/@vitest/runner/dist/index.js:915:26\n    at file:///C:/Users/DORAT/Desktop/Rehab-main/node_modules/@vitest/runner/dist/index.js:1243:20\n    at new Promise (<anonymous>)\n    at runWithTimeout (file:///C:/Users/DORAT/Desktop/Rehab-main/node_modules/@vitest/runner/dist/index.js:1209:10)\n    at file:///C:/Users/DORAT/Desktop/Rehab-main/node_modules/@vitest/runner/dist/index.js:1653:37\n    at Traces.$ (file:///C:/Users/DORAT/Desktop/Rehab-main/node_modules/vitest/dist/chunks/traces.CCmnQaNT.js:142:27)\n    at trace (file:///C:/Users/DORAT/Desktop/Rehab-main/node_modules/vitest/dist/chunks/test.B8ej_ZHS.js:239:21)\n    at runTest (file:///C:/Users/DORAT/Desktop/Rehab-main/node_modules/@vitest/runner/dist/index.js:1653:12)"],"meta":{}},{"ancestorTitles":["usePostureWS","Message handling"],"fullName":"usePostureWS Message handling should handle JOINT_ANALYSIS response","status":"failed","title":"should handle JOINT_ANALYSIS response","duration":6.265900000000329,"failureMessages":["AssertionError: expected null to deeply equal [ Array(2) ]\n    at C:/Users/DORAT/Desktop/Rehab-main/src/hooks/__tests__/usePostureWS.test.ts:176:42\n    at file:///C:/Users/DORAT/Desktop/Rehab-main/node_modules/@vitest/runner/dist/index.js:145:11\n    at file:///C:/Users/DORAT/Desktop/Rehab-main/node_modules/@vitest/runner/dist/index.js:915:26\n    at file:///C:/Users/DORAT/Desktop/Rehab-main/node_modules/@vitest/runner/dist/index.js:1243:20\n    at new Promise (<anonymous>)\n    at runWithTimeout (file:///C:/Users/DORAT/Desktop/Rehab-main/node_modules/@vitest/runner/dist/index.js:1209:10)\n    at file:///C:/Users/DORAT/Desktop/Rehab-main/node_modules/@vitest/runner/dist/index.js:1653:37\n    at Traces.$ (file:///C:/Users/DORAT/Desktop/Rehab-main/node_modules/vitest/dist/chunks/traces.CCmnQaNT.js:142:27)\n    at trace (file:///C:/Users/DORAT/Desktop/Rehab-main/node_modules/vitest/dist/chunks/test.B8ej_ZHS.js:239:21)\n    at runTest (file:///C:/Users/DORAT/Desktop/Rehab-main/node_modules/@vitest/runner/dist/index.js:1653:12)"],"meta":{}},{"ancestorTitles":["usePostureWS","Message handling"],"fullName":"usePostureWS Message handling should handle POSTURE_REPORT response","status":"failed","title":"should handle POSTURE_REPORT response","duration":53.82290000000012,"failureMessages":["AssertionError: expected null to be '### Test Report' // Object.is equality\n    at C:/Users/DORAT/Desktop/Rehab-main/src/hooks/__tests__/usePostureWS.test.ts:196:45\n    at file:///C:/Users/DORAT/Desktop/Rehab-main/node_modules/@vitest/runner/dist/index.js:145:11\n    at file:///C:/Users/DORAT/Desktop/Rehab-main/node_modules/@vitest/runner/dist/index.js:915:26\n    at file:///C:/Users/DORAT/Desktop/Rehab-main/node_modules/@vitest/runner/dist/index.js:1243:20\n    at new Promise (<anonymous>)\n    at runWithTimeout (file:///C:/Users/DORAT/Desktop/Rehab-main/node_modules/@vitest/runner/dist/index.js:1209:10)\n    at file:///C:/Users/DORAT/Desktop/Rehab-main/node_modules/@vitest/runner/dist/index.js:1653:37\n    at Traces.$ (file:///C:/Users/DORAT/Desktop/Rehab-main/node_modules/vitest/dist/chunks/traces.CCmnQaNT.js:142:27)\n    at trace (file:///C:/Users/DORAT/Desktop/Rehab-main/node_modules/vitest/dist/chunks/test.B8ej_ZHS.js:239:21)\n    at runTest (file:///C:/Users/DORAT/Desktop/Rehab-main/node_modules/@vitest/runner/dist/index.js:1653:12)"],"meta":{}},{"ancestorTitles":["usePostureWS","Message handling"],"fullName":"usePostureWS Message handling should handle unknown message types","status":"passed","title":"should handle unknown message types","duration":3.4158000000006723,"failureMessages":[],"meta":{}},{"ancestorTitles":["usePostureWS","Message handling"],"fullName":"usePostureWS Message handling should handle invalid JSON messages","status":"passed","title":"should handle invalid JSON messages","duration":2.7671000000000276,"failureMessages":[],"meta":{}},{"ancestorTitles":["usePostureWS","analyzeStepped method"],"fullName":"usePostureWS analyzeStepped method should send POSTURE_STEPPED_ANALYSIS message","status":"failed","title":"should send POSTURE_STEPPED_ANALYSIS message","duration":19.982600000000275,"failureMessages":["AssertionError: expected \"vi.fn()\" to be called with arguments: [ StringContaining{…} ]\u001b[90m\n\nNumber of calls: \u001b[1m0\u001b[22m\n\u001b[39m\n    at Proxy.<anonymous> (file:///C:/Users/DORAT/Desktop/Rehab-main/node_modules/@vitest/expect/dist/index.js:1420:10)\n    at Proxy.<anonymous> (file:///C:/Users/DORAT/Desktop/Rehab-main/node_modules/@vitest/expect/dist/index.js:1090:14)\n    at Proxy.methodWrapper (file:///C:/Users/DORAT/Desktop/Rehab-main/node_modules/chai/index.js:1700:25)\n    at C:/Users/DORAT/Desktop/Rehab-main/src/hooks/__tests__/usePostureWS.test.ts:265:34\n    at file:///C:/Users/DORAT/Desktop/Rehab-main/node_modules/@vitest/runner/dist/index.js:145:11\n    at file:///C:/Users/DORAT/Desktop/Rehab-main/node_modules/@vitest/runner/dist/index.js:915:26\n    at file:///C:/Users/DORAT/Desktop/Rehab-main/node_modules/@vitest/runner/dist/index.js:1243:20\n    at new Promise (<anonymous>)\n    at runWithTimeout (file:///C:/Users/DORAT/Desktop/Rehab-main/node_modules/@vitest/runner/dist/index.js:1209:10)\n    at file:///C:/Users/DORAT/Desktop/Rehab-main/node_modules/@vitest/runner/dist/index.js:1653:37"],"meta":{}},{"ancestorTitles":["usePostureWS","analyzeStepped method"],"fullName":"usePostureWS analyzeStepped method should not send message when frames array is empty","status":"passed","title":"should not send message when frames array is empty","duration":15.509299999999712,"failureMessages":[],"meta":{}},{"ancestorTitles":["usePostureWS","analyzeStepped method"],"fullName":"usePostureWS analyzeStepped method should attempt reconnect when WebSocket not ready","status":"passed","title":"should attempt reconnect when WebSocket not ready","duration":9.27809999999954,"failureMessages":[],"meta":{}},{"ancestorTitles":["usePostureWS","analyzeStepped method"],"fullName":"usePostureWS analyzeStepped method should send message when WebSocket is open","status":"failed","title":"should send message when WebSocket is open","duration":5.691200000000208,"failureMessages":["AssertionError: expected \"vi.fn()\" to be called at least once\n    at Proxy.<anonymous> (file:///C:/Users/DORAT/Desktop/Rehab-main/node_modules/@vitest/expect/dist/index.js:1400:10)\n    at Proxy.<anonymous> (file:///C:/Users/DORAT/Desktop/Rehab-main/node_modules/@vitest/expect/dist/index.js:1090:14)\n    at Proxy.methodWrapper (file:///C:/Users/DORAT/Desktop/Rehab-main/node_modules/chai/index.js:1700:25)\n    at C:/Users/DORAT/Desktop/Rehab-main/src/hooks/__tests__/usePostureWS.test.ts:326:34\n    at file:///C:/Users/DORAT/Desktop/Rehab-main/node_modules/@vitest/runner/dist/index.js:145:11\n    at file:///C:/Users/DORAT/Desktop/Rehab-main/node_modules/@vitest/runner/dist/index.js:915:26\n    at file:///C:/Users/DORAT/Desktop/Rehab-main/node_modules/@vitest/runner/dist/index.js:1243:20\n    at new Promise (<anonymous>)\n    at runWithTimeout (file:///C:/Users/DORAT/Desktop/Rehab-main/node_modules/@vitest/runner/dist/index.js:1209:10)\n    at file:///C:/Users/DORAT/Desktop/Rehab-main/node_modules/@vitest/runner/dist/index.js:1653:37"],"meta":{}},{"ancestorTitles":["usePostureWS","analyzeStepped method"],"fullName":"usePostureWS analyzeStepped method should serialize timeSeriesLandmarks correctly","status":"failed","title":"should serialize timeSeriesLandmarks correctly","duration":24.595899999999347,"failureMessages":["TypeError: Cannot read properties of undefined (reading '0')\n    at C:/Users/DORAT/Desktop/Rehab-main/src/hooks/__tests__/usePostureWS.test.ts:360:66\n    at file:///C:/Users/DORAT/Desktop/Rehab-main/node_modules/@vitest/runner/dist/index.js:145:11\n    at file:///C:/Users/DORAT/Desktop/Rehab-main/node_modules/@vitest/runner/dist/index.js:915:26\n    at file:///C:/Users/DORAT/Desktop/Rehab-main/node_modules/@vitest/runner/dist/index.js:1243:20\n    at new Promise (<anonymous>)\n    at runWithTimeout (file:///C:/Users/DORAT/Desktop/Rehab-main/node_modules/@vitest/runner/dist/index.js:1209:10)\n    at file:///C:/Users/DORAT/Desktop/Rehab-main/node_modules/@vitest/runner/dist/index.js:1653:37\n    at Traces.$ (file:///C:/Users/DORAT/Desktop/Rehab-main/node_modules/vitest/dist/chunks/traces.CCmnQaNT.js:142:27)\n    at trace (file:///C:/Users/DORAT/Desktop/Rehab-main/node_modules/vitest/dist/chunks/test.B8ej_ZHS.js:239:21)\n    at runTest (file:///C:/Users/DORAT/Desktop/Rehab-main/node_modules/@vitest/runner/dist/index.js:1653:12)"],"meta":{}},{"ancestorTitles":["usePostureWS","analyzeStepped method"],"fullName":"usePostureWS analyzeStepped method should handle all three view types","status":"failed","title":"should handle all three view types","duration":6.348700000000463,"failureMessages":["TypeError: Cannot read properties of undefined (reading '0')\n    at C:/Users/DORAT/Desktop/Rehab-main/src/hooks/__tests__/usePostureWS.test.ts:408:66\n    at file:///C:/Users/DORAT/Desktop/Rehab-main/node_modules/@vitest/runner/dist/index.js:145:11\n    at file:///C:/Users/DORAT/Desktop/Rehab-main/node_modules/@vitest/runner/dist/index.js:915:26\n    at file:///C:/Users/DORAT/Desktop/Rehab-main/node_modules/@vitest/runner/dist/index.js:1243:20\n    at new Promise (<anonymous>)\n    at runWithTimeout (file:///C:/Users/DORAT/Desktop/Rehab-main/node_modules/@vitest/runner/dist/index.js:1209:10)\n    at file:///C:/Users/DORAT/Desktop/Rehab-main/node_modules/@vitest/runner/dist/index.js:1653:37\n    at Traces.$ (file:///C:/Users/DORAT/Desktop/Rehab-main/node_modules/vitest/dist/chunks/traces.CCmnQaNT.js:142:27)\n    at trace (file:///C:/Users/DORAT/Desktop/Rehab-main/node_modules/vitest/dist/chunks/test.B8ej_ZHS.js:239:21)\n    at runTest (file:///C:/Users/DORAT/Desktop/Rehab-main/node_modules/@vitest/runner/dist/index.js:1653:12)"],"meta":{}},{"ancestorTitles":["usePostureWS","Default URL"],"fullName":"usePostureWS Default URL should use default URL when no URL is provided","status":"passed","title":"should use default URL when no URL is provided","duration":3.7236000000002605,"failureMessages":[],"meta":{}},{"ancestorTitles":["usePostureWS","Cleanup"],"fullName":"usePostureWS Cleanup should close WebSocket on unmount","status":"failed","title":"should close WebSocket on unmount","duration":28.21820000000025,"failureMessages":["AssertionError: expected \"vi.fn()\" to be called at least once\n    at Proxy.<anonymous> (file:///C:/Users/DORAT/Desktop/Rehab-main/node_modules/@vitest/expect/dist/index.js:1400:10)\n    at Proxy.<anonymous> (file:///C:/Users/DORAT/Desktop/Rehab-main/node_modules/@vitest/expect/dist/index.js:1090:14)\n    at Proxy.methodWrapper (file:///C:/Users/DORAT/Desktop/Rehab-main/node_modules/chai/index.js:1700:25)\n    at C:/Users/DORAT/Desktop/Rehab-main/src/hooks/__tests__/usePostureWS.test.ts:430:35\n    at file:///C:/Users/DORAT/Desktop/Rehab-main/node_modules/@vitest/runner/dist/index.js:145:11\n    at file:///C:/Users/DORAT/Desktop/Rehab-main/node_modules/@vitest/runner/dist/index.js:915:26\n    at file:///C:/Users/DORAT/Desktop/Rehab-main/node_modules/@vitest/runner/dist/index.js:1243:20\n    at new Promise (<anonymous>)\n    at runWithTimeout (file:///C:/Users/DORAT/Desktop/Rehab-main/node_modules/@vitest/runner/dist/index.js:1209:10)\n    at file:///C:/Users/DORAT/Desktop/Rehab-main/node_modules/@vitest/runner/dist/index.js:1653:37"],"meta":{}},{"ancestorTitles":["usePostureWS","Cleanup"],"fullName":"usePostureWS Cleanup should remove event listeners on unmount","status":"failed","title":"should remove event listeners on unmount","duration":4.7578999999996086,"failureMessages":["AssertionError: expected \"vi.fn()\" to be called at least once\n    at Proxy.<anonymous> (file:///C:/Users/DORAT/Desktop/Rehab-main/node_modules/@vitest/expect/dist/index.js:1400:10)\n    at Proxy.<anonymous> (file:///C:/Users/DORAT/Desktop/Rehab-main/node_modules/@vitest/expect/dist/index.js:1090:14)\n    at Proxy.methodWrapper (file:///C:/Users/DORAT/Desktop/Rehab-main/node_modules/chai/index.js:1700:25)\n    at C:/Users/DORAT/Desktop/Rehab-main/src/hooks/__tests__/usePostureWS.test.ts:438:49\n    at file:///C:/Users/DORAT/Desktop/Rehab-main/node_modules/@vitest/runner/dist/index.js:145:11\n    at file:///C:/Users/DORAT/Desktop/Rehab-main/node_modules/@vitest/runner/dist/index.js:915:26\n    at file:///C:/Users/DORAT/Desktop/Rehab-main/node_modules/@vitest/runner/dist/index.js:1243:20\n    at new Promise (<anonymous>)\n    at runWithTimeout (file:///C:/Users/DORAT/Desktop/Rehab-main/node_modules/@vitest/runner/dist/index.js:1209:10)\n    at file:///C:/Users/DORAT/Desktop/Rehab-main/node_modules/@vitest/runner/dist/index.js:1653:37"],"meta":{}}],"startTime":1772942727055,"endTime":1772942727403.7578,"status":"failed","message":"","name":"C:/Users/DORAT/Desktop/Rehab-main/src/hooks/__tests__/usePostureWS.test.ts"},{"assertionResults":[{"ancestorTitles":["TreatmentPlanVersion Type"],"fullName":"TreatmentPlanVersion Type 应该定义完整的版本类型","status":"passed","title":"应该定义完整的版本类型","duration":2.110300000000052,"failureMessages":[],"meta":{}},{"ancestorTitles":["TreatmentPlanVersion Type"],"fullName":"TreatmentPlanVersion Type 应该支持可选的标签和备注","status":"passed","title":"应该支持可选的标签和备注","duration":1.1861999999998716,"failureMessages":[],"meta":{}}],"startTime":1772942729211,"endTime":1772942729215.1863,"status":"passed","message":"","name":"C:/Users/DORAT/Desktop/Rehab-main/src/types/__tests__/treatment-plan.test.ts"},{"assertionResults":[{"ancestorTitles":["AssessmentRecordStorage","saveRecord"],"fullName":"AssessmentRecordStorage saveRecord 应该成功保存评估记录","status":"passed","title":"应该成功保存评估记录","duration":5.225999999999658,"failureMessages":[],"meta":{}},{"ancestorTitles":["AssessmentRecordStorage","saveRecord"],"fullName":"AssessmentRecordStorage saveRecord 应该更新已存在的记录","status":"passed","title":"应该更新已存在的记录","duration":0.9162000000005719,"failureMessages":[],"meta":{}},{"ancestorTitles":["AssessmentRecordStorage","loadRecords"],"fullName":"AssessmentRecordStorage loadRecords 应该成功加载评估记录","status":"passed","title":"应该成功加载评估记录","duration":0.6105999999999767,"failureMessages":[],"meta":{}},{"ancestorTitles":["AssessmentRecordStorage","loadRecords"],"fullName":"AssessmentRecordStorage loadRecords 应该返回空数组当没有数据时","status":"passed","title":"应该返回空数组当没有数据时","duration":0.42039999999997235,"failureMessages":[],"meta":{}},{"ancestorTitles":["AssessmentRecordStorage","getRecord"],"fullName":"AssessmentRecordStorage getRecord 应该成功获取指定记录","status":"passed","title":"应该成功获取指定记录","duration":0.5987999999997555,"failureMessages":[],"meta":{}},{"ancestorTitles":["AssessmentRecordStorage","getRecord"],"fullName":"AssessmentRecordStorage getRecord 应该返回null当记录不存在时","status":"passed","title":"应该返回null当记录不存在时","duration":0.17259999999987485,"failureMessages":[],"meta":{}},{"ancestorTitles":["AssessmentRecordStorage","deleteRecord"],"fullName":"AssessmentRecordStorage deleteRecord 应该成功删除记录","status":"passed","title":"应该成功删除记录","duration":0.7382000000006883,"failureMessages":[],"meta":{}},{"ancestorTitles":["AssessmentRecordStorage","clearRecords"],"fullName":"AssessmentRecordStorage clearRecords 应该清空所有记录","status":"passed","title":"应该清空所有记录","duration":0.4383000000007087,"failureMessages":[],"meta":{}},{"ancestorTitles":["AssessmentRecordStorage","exportData"],"fullName":"AssessmentRecordStorage exportData 应该成功导出数据","status":"passed","title":"应该成功导出数据","duration":0.532999999999447,"failureMessages":[],"meta":{}},{"ancestorTitles":["AssessmentRecordStorage","importData"],"fullName":"AssessmentRecordStorage importData 应该成功导入数据","status":"passed","title":"应该成功导入数据","duration":0.7890999999999622,"failureMessages":[],"meta":{}},{"ancestorTitles":["AssessmentRecordStorage","importData"],"fullName":"AssessmentRecordStorage importData 应该拒绝无效格式","status":"passed","title":"应该拒绝无效格式","duration":6.298000000000684,"failureMessages":[],"meta":{}},{"ancestorTitles":["AssessmentRecordStorage","getStorageInfo"],"fullName":"AssessmentRecordStorage getStorageInfo 应该返回存储信息","status":"passed","title":"应该返回存储信息","duration":1.0466999999998734,"failureMessages":[],"meta":{}},{"ancestorTitles":["AssessmentRecordStorage","getStorageInfo"],"fullName":"AssessmentRecordStorage getStorageInfo 应该返回0当没有数据时","status":"passed","title":"应该返回0当没有数据时","duration":0.12600000000020373,"failureMessages":[],"meta":{}},{"ancestorTitles":["AssessmentRecordStorage","validateImageSize"],"fullName":"AssessmentRecordStorage validateImageSize 应该验证图像大小","status":"passed","title":"应该验证图像大小","duration":3.3748999999997977,"failureMessages":[],"meta":{}},{"ancestorTitles":["AssessmentRecordStorage","cleanupOldRecords"],"fullName":"AssessmentRecordStorage cleanupOldRecords 应该清理旧记录","status":"passed","title":"应该清理旧记录","duration":1.462800000000243,"failureMessages":[],"meta":{}}],"startTime":1772942726457,"endTime":1772942726481.463,"status":"passed","message":"","name":"C:/Users/DORAT/Desktop/Rehab-main/src/utils/__tests__/assessmentRecordStorage.test.ts"},{"assertionResults":[{"ancestorTitles":["imageUtils","validateImageSize"],"fullName":"imageUtils validateImageSize 应该验证小图像","status":"passed","title":"应该验证小图像","duration":2.2925999999997657,"failureMessages":[],"meta":{}},{"ancestorTitles":["imageUtils","validateImageSize"],"fullName":"imageUtils validateImageSize 应该拒绝大图像","status":"passed","title":"应该拒绝大图像","duration":3.697099999999409,"failureMessages":[],"meta":{}},{"ancestorTitles":["imageUtils","validateImageSize"],"fullName":"imageUtils validateImageSize 应该使用默认大小限制","status":"passed","title":"应该使用默认大小限制","duration":0.46349999999983993,"failureMessages":[],"meta":{}},{"ancestorTitles":["imageUtils","fileToBase64"],"fullName":"imageUtils fileToBase64 应该将文件转换为Base64","status":"passed","title":"应该将文件转换为Base64","duration":3.9191000000000713,"failureMessages":[],"meta":{}},{"ancestorTitles":["imageUtils","fileToBase64"],"fullName":"imageUtils fileToBase64 应该处理空文件","status":"passed","title":"应该处理空文件","duration":1.084700000000339,"failureMessages":[],"meta":{}},{"ancestorTitles":["imageUtils","getImageDimensions"],"fullName":"imageUtils getImageDimensions 应该获取图像尺寸","status":"failed","title":"应该获取图像尺寸","duration":10018.8613,"failureMessages":["Error: STACK_TRACE_ERROR\n    at task (file:///C:/Users/DORAT/Desktop/Rehab-main/node_modules/@vitest/runner/dist/index.js:796:27)\n    at Object.<anonymous> (file:///C:/Users/DORAT/Desktop/Rehab-main/node_modules/@vitest/runner/dist/index.js:823:16)\n    at Object.<anonymous> (file:///C:/Users/DORAT/Desktop/Rehab-main/node_modules/@vitest/runner/dist/index.js:615:28)\n    at chain (file:///C:/Users/DORAT/Desktop/Rehab-main/node_modules/@vitest/runner/dist/chunk-tasks.js:9:14)\n    at C:/Users/DORAT/Desktop/Rehab-main/src/utils/__tests__/imageUtils.test.ts:46:5\n    at file:///C:/Users/DORAT/Desktop/Rehab-main/node_modules/@vitest/runner/dist/index.js:901:40\n    at runWithSuite (file:///C:/Users/DORAT/Desktop/Rehab-main/node_modules/@vitest/runner/dist/index.js:1195:8)\n    at Object.collect (file:///C:/Users/DORAT/Desktop/Rehab-main/node_modules/@vitest/runner/dist/index.js:901:10)\n    at Object.collect (file:///C:/Users/DORAT/Desktop/Rehab-main/node_modules/@vitest/runner/dist/index.js:905:54)\n    at processTicksAndRejections (node:internal/process/task_queues:103:5)\n    at Object.collect (file:///C:/Users/DORAT/Desktop/Rehab-main/node_modules/@vitest/runner/dist/index.js:905:46)\n    at file:///C:/Users/DORAT/Desktop/Rehab-main/node_modules/@vitest/runner/dist/index.js:1390:26\n    at collectTests (file:///C:/Users/DORAT/Desktop/Rehab-main/node_modules/@vitest/runner/dist/index.js:1365:3)\n    at startTests (file:///C:/Users/DORAT/Desktop/Rehab-main/node_modules/@vitest/runner/dist/index.js:1937:17)\n    at file:///C:/Users/DORAT/Desktop/Rehab-main/node_modules/vitest/dist/chunks/base.CJ0Y4ePK.js:86:26"],"meta":{}},{"ancestorTitles":["imageUtils","getImageDimensions"],"fullName":"imageUtils getImageDimensions 应该处理无效图像","status":"failed","title":"应该处理无效图像","duration":10004.453800000001,"failureMessages":["Error: STACK_TRACE_ERROR\n    at task (file:///C:/Users/DORAT/Desktop/Rehab-main/node_modules/@vitest/runner/dist/index.js:796:27)\n    at Object.<anonymous> (file:///C:/Users/DORAT/Desktop/Rehab-main/node_modules/@vitest/runner/dist/index.js:823:16)\n    at Object.<anonymous> (file:///C:/Users/DORAT/Desktop/Rehab-main/node_modules/@vitest/runner/dist/index.js:615:28)\n    at chain (file:///C:/Users/DORAT/Desktop/Rehab-main/node_modules/@vitest/runner/dist/chunk-tasks.js:9:14)\n    at C:/Users/DORAT/Desktop/Rehab-main/src/utils/__tests__/imageUtils.test.ts:54:5\n    at file:///C:/Users/DORAT/Desktop/Rehab-main/node_modules/@vitest/runner/dist/index.js:901:40\n    at runWithSuite (file:///C:/Users/DORAT/Desktop/Rehab-main/node_modules/@vitest/runner/dist/index.js:1195:8)\n    at Object.collect (file:///C:/Users/DORAT/Desktop/Rehab-main/node_modules/@vitest/runner/dist/index.js:901:10)\n    at Object.collect (file:///C:/Users/DORAT/Desktop/Rehab-main/node_modules/@vitest/runner/dist/index.js:905:54)\n    at processTicksAndRejections (node:internal/process/task_queues:103:5)\n    at Object.collect (file:///C:/Users/DORAT/Desktop/Rehab-main/node_modules/@vitest/runner/dist/index.js:905:46)\n    at file:///C:/Users/DORAT/Desktop/Rehab-main/node_modules/@vitest/runner/dist/index.js:1390:26\n    at collectTests (file:///C:/Users/DORAT/Desktop/Rehab-main/node_modules/@vitest/runner/dist/index.js:1365:3)\n    at startTests (file:///C:/Users/DORAT/Desktop/Rehab-main/node_modules/@vitest/runner/dist/index.js:1937:17)\n    at file:///C:/Users/DORAT/Desktop/Rehab-main/node_modules/vitest/dist/chunks/base.CJ0Y4ePK.js:86:26"],"meta":{}},{"ancestorTitles":["imageUtils","cropImageToBase64"],"fullName":"imageUtils cropImageToBase64 应该裁剪图像","status":"failed","title":"应该裁剪图像","duration":10014.838400000004,"failureMessages":["Error: STACK_TRACE_ERROR\n    at task (file:///C:/Users/DORAT/Desktop/Rehab-main/node_modules/@vitest/runner/dist/index.js:796:27)\n    at Object.<anonymous> (file:///C:/Users/DORAT/Desktop/Rehab-main/node_modules/@vitest/runner/dist/index.js:823:16)\n    at Object.<anonymous> (file:///C:/Users/DORAT/Desktop/Rehab-main/node_modules/@vitest/runner/dist/index.js:615:28)\n    at chain (file:///C:/Users/DORAT/Desktop/Rehab-main/node_modules/@vitest/runner/dist/chunk-tasks.js:9:14)\n    at C:/Users/DORAT/Desktop/Rehab-main/src/utils/__tests__/imageUtils.test.ts:60:5\n    at file:///C:/Users/DORAT/Desktop/Rehab-main/node_modules/@vitest/runner/dist/index.js:901:40\n    at runWithSuite (file:///C:/Users/DORAT/Desktop/Rehab-main/node_modules/@vitest/runner/dist/index.js:1195:8)\n    at Object.collect (file:///C:/Users/DORAT/Desktop/Rehab-main/node_modules/@vitest/runner/dist/index.js:901:10)\n    at Object.collect (file:///C:/Users/DORAT/Desktop/Rehab-main/node_modules/@vitest/runner/dist/index.js:905:54)\n    at processTicksAndRejections (node:internal/process/task_queues:103:5)\n    at Object.collect (file:///C:/Users/DORAT/Desktop/Rehab-main/node_modules/@vitest/runner/dist/index.js:905:46)\n    at file:///C:/Users/DORAT/Desktop/Rehab-main/node_modules/@vitest/runner/dist/index.js:1390:26\n    at collectTests (file:///C:/Users/DORAT/Desktop/Rehab-main/node_modules/@vitest/runner/dist/index.js:1365:3)\n    at startTests (file:///C:/Users/DORAT/Desktop/Rehab-main/node_modules/@vitest/runner/dist/index.js:1937:17)\n    at file:///C:/Users/DORAT/Desktop/Rehab-main/node_modules/vitest/dist/chunks/base.CJ0Y4ePK.js:86:26"],"meta":{}},{"ancestorTitles":["imageUtils","cropImageToBase64"],"fullName":"imageUtils cropImageToBase64 应该处理无效参数","status":"failed","title":"应该处理无效参数","duration":10009.858399999997,"failureMessages":["Error: STACK_TRACE_ERROR\n    at task (file:///C:/Users/DORAT/Desktop/Rehab-main/node_modules/@vitest/runner/dist/index.js:796:27)\n    at Object.<anonymous> (file:///C:/Users/DORAT/Desktop/Rehab-main/node_modules/@vitest/runner/dist/index.js:823:16)\n    at Object.<anonymous> (file:///C:/Users/DORAT/Desktop/Rehab-main/node_modules/@vitest/runner/dist/index.js:615:28)\n    at chain (file:///C:/Users/DORAT/Desktop/Rehab-main/node_modules/@vitest/runner/dist/chunk-tasks.js:9:14)\n    at C:/Users/DORAT/Desktop/Rehab-main/src/utils/__tests__/imageUtils.test.ts:67:5\n    at file:///C:/Users/DORAT/Desktop/Rehab-main/node_modules/@vitest/runner/dist/index.js:901:40\n    at runWithSuite (file:///C:/Users/DORAT/Desktop/Rehab-main/node_modules/@vitest/runner/dist/index.js:1195:8)\n    at Object.collect (file:///C:/Users/DORAT/Desktop/Rehab-main/node_modules/@vitest/runner/dist/index.js:901:10)\n    at Object.collect (file:///C:/Users/DORAT/Desktop/Rehab-main/node_modules/@vitest/runner/dist/index.js:905:54)\n    at processTicksAndRejections (node:internal/process/task_queues:103:5)\n    at Object.collect (file:///C:/Users/DORAT/Desktop/Rehab-main/node_modules/@vitest/runner/dist/index.js:905:46)\n    at file:///C:/Users/DORAT/Desktop/Rehab-main/node_modules/@vitest/runner/dist/index.js:1390:26\n    at collectTests (file:///C:/Users/DORAT/Desktop/Rehab-main/node_modules/@vitest/runner/dist/index.js:1365:3)\n    at startTests (file:///C:/Users/DORAT/Desktop/Rehab-main/node_modules/@vitest/runner/dist/index.js:1937:17)\n    at file:///C:/Users/DORAT/Desktop/Rehab-main/node_modules/vitest/dist/chunks/base.CJ0Y4ePK.js:86:26"],"meta":{}},{"ancestorTitles":["imageUtils","createThumbnail"],"fullName":"imageUtils createThumbnail 应该创建缩略图","status":"failed","title":"应该创建缩略图","duration":10007.775000000001,"failureMessages":["Error: STACK_TRACE_ERROR\n    at task (file:///C:/Users/DORAT/Desktop/Rehab-main/node_modules/@vitest/runner/dist/index.js:796:27)\n    at Object.<anonymous> (file:///C:/Users/DORAT/Desktop/Rehab-main/node_modules/@vitest/runner/dist/index.js:823:16)\n    at Object.<anonymous> (file:///C:/Users/DORAT/Desktop/Rehab-main/node_modules/@vitest/runner/dist/index.js:615:28)\n    at chain (file:///C:/Users/DORAT/Desktop/Rehab-main/node_modules/@vitest/runner/dist/chunk-tasks.js:9:14)\n    at C:/Users/DORAT/Desktop/Rehab-main/src/utils/__tests__/imageUtils.test.ts:73:5\n    at file:///C:/Users/DORAT/Desktop/Rehab-main/node_modules/@vitest/runner/dist/index.js:901:40\n    at runWithSuite (file:///C:/Users/DORAT/Desktop/Rehab-main/node_modules/@vitest/runner/dist/index.js:1195:8)\n    at Object.collect (file:///C:/Users/DORAT/Desktop/Rehab-main/node_modules/@vitest/runner/dist/index.js:901:10)\n    at Object.collect (file:///C:/Users/DORAT/Desktop/Rehab-main/node_modules/@vitest/runner/dist/index.js:905:54)\n    at processTicksAndRejections (node:internal/process/task_queues:103:5)\n    at Object.collect (file:///C:/Users/DORAT/Desktop/Rehab-main/node_modules/@vitest/runner/dist/index.js:905:46)\n    at file:///C:/Users/DORAT/Desktop/Rehab-main/node_modules/@vitest/runner/dist/index.js:1390:26\n    at collectTests (file:///C:/Users/DORAT/Desktop/Rehab-main/node_modules/@vitest/runner/dist/index.js:1365:3)\n    at startTests (file:///C:/Users/DORAT/Desktop/Rehab-main/node_modules/@vitest/runner/dist/index.js:1937:17)\n    at file:///C:/Users/DORAT/Desktop/Rehab-main/node_modules/vitest/dist/chunks/base.CJ0Y4ePK.js:86:26"],"meta":{}},{"ancestorTitles":["imageUtils","createThumbnail"],"fullName":"imageUtils createThumbnail 应该使用默认大小","status":"failed","title":"应该使用默认大小","duration":10009.6074,"failureMessages":["Error: STACK_TRACE_ERROR\n    at task (file:///C:/Users/DORAT/Desktop/Rehab-main/node_modules/@vitest/runner/dist/index.js:796:27)\n    at Object.<anonymous> (file:///C:/Users/DORAT/Desktop/Rehab-main/node_modules/@vitest/runner/dist/index.js:823:16)\n    at Object.<anonymous> (file:///C:/Users/DORAT/Desktop/Rehab-main/node_modules/@vitest/runner/dist/index.js:615:28)\n    at chain (file:///C:/Users/DORAT/Desktop/Rehab-main/node_modules/@vitest/runner/dist/chunk-tasks.js:9:14)\n    at C:/Users/DORAT/Desktop/Rehab-main/src/utils/__tests__/imageUtils.test.ts:80:5\n    at file:///C:/Users/DORAT/Desktop/Rehab-main/node_modules/@vitest/runner/dist/index.js:901:40\n    at runWithSuite (file:///C:/Users/DORAT/Desktop/Rehab-main/node_modules/@vitest/runner/dist/index.js:1195:8)\n    at Object.collect (file:///C:/Users/DORAT/Desktop/Rehab-main/node_modules/@vitest/runner/dist/index.js:901:10)\n    at Object.collect (file:///C:/Users/DORAT/Desktop/Rehab-main/node_modules/@vitest/runner/dist/index.js:905:54)\n    at processTicksAndRejections (node:internal/process/task_queues:103:5)\n    at Object.collect (file:///C:/Users/DORAT/Desktop/Rehab-main/node_modules/@vitest/runner/dist/index.js:905:46)\n    at file:///C:/Users/DORAT/Desktop/Rehab-main/node_modules/@vitest/runner/dist/index.js:1390:26\n    at collectTests (file:///C:/Users/DORAT/Desktop/Rehab-main/node_modules/@vitest/runner/dist/index.js:1365:3)\n    at startTests (file:///C:/Users/DORAT/Desktop/Rehab-main/node_modules/@vitest/runner/dist/index.js:1937:17)\n    at file:///C:/Users/DORAT/Desktop/Rehab-main/node_modules/vitest/dist/chunks/base.CJ0Y4ePK.js:86:26"],"meta":{}},{"ancestorTitles":["imageUtils","createThumbnail"],"fullName":"imageUtils createThumbnail 应该处理无效图像","status":"failed","title":"应该处理无效图像","duration":10012.320399999997,"failureMessages":["Error: STACK_TRACE_ERROR\n    at task (file:///C:/Users/DORAT/Desktop/Rehab-main/node_modules/@vitest/runner/dist/index.js:796:27)\n    at Object.<anonymous> (file:///C:/Users/DORAT/Desktop/Rehab-main/node_modules/@vitest/runner/dist/index.js:823:16)\n    at Object.<anonymous> (file:///C:/Users/DORAT/Desktop/Rehab-main/node_modules/@vitest/runner/dist/index.js:615:28)\n    at chain (file:///C:/Users/DORAT/Desktop/Rehab-main/node_modules/@vitest/runner/dist/chunk-tasks.js:9:14)\n    at C:/Users/DORAT/Desktop/Rehab-main/src/utils/__tests__/imageUtils.test.ts:87:5\n    at file:///C:/Users/DORAT/Desktop/Rehab-main/node_modules/@vitest/runner/dist/index.js:901:40\n    at runWithSuite (file:///C:/Users/DORAT/Desktop/Rehab-main/node_modules/@vitest/runner/dist/index.js:1195:8)\n    at Object.collect (file:///C:/Users/DORAT/Desktop/Rehab-main/node_modules/@vitest/runner/dist/index.js:901:10)\n    at Object.collect (file:///C:/Users/DORAT/Desktop/Rehab-main/node_modules/@vitest/runner/dist/index.js:905:54)\n    at processTicksAndRejections (node:internal/process/task_queues:103:5)\n    at Object.collect (file:///C:/Users/DORAT/Desktop/Rehab-main/node_modules/@vitest/runner/dist/index.js:905:46)\n    at file:///C:/Users/DORAT/Desktop/Rehab-main/node_modules/@vitest/runner/dist/index.js:1390:26\n    at collectTests (file:///C:/Users/DORAT/Desktop/Rehab-main/node_modules/@vitest/runner/dist/index.js:1365:3)\n    at startTests (file:///C:/Users/DORAT/Desktop/Rehab-main/node_modules/@vitest/runner/dist/index.js:1937:17)\n    at file:///C:/Users/DORAT/Desktop/Rehab-main/node_modules/vitest/dist/chunks/base.CJ0Y4ePK.js:86:26"],"meta":{}},{"ancestorTitles":["imageUtils","compressImage"],"fullName":"imageUtils compressImage 应该压缩图像","status":"failed","title":"应该压缩图像","duration":10016.674400000004,"failureMessages":["Error: STACK_TRACE_ERROR\n    at task (file:///C:/Users/DORAT/Desktop/Rehab-main/node_modules/@vitest/runner/dist/index.js:796:27)\n    at Object.<anonymous> (file:///C:/Users/DORAT/Desktop/Rehab-main/node_modules/@vitest/runner/dist/index.js:823:16)\n    at Object.<anonymous> (file:///C:/Users/DORAT/Desktop/Rehab-main/node_modules/@vitest/runner/dist/index.js:615:28)\n    at chain (file:///C:/Users/DORAT/Desktop/Rehab-main/node_modules/@vitest/runner/dist/chunk-tasks.js:9:14)\n    at C:/Users/DORAT/Desktop/Rehab-main/src/utils/__tests__/imageUtils.test.ts:93:5\n    at file:///C:/Users/DORAT/Desktop/Rehab-main/node_modules/@vitest/runner/dist/index.js:901:40\n    at runWithSuite (file:///C:/Users/DORAT/Desktop/Rehab-main/node_modules/@vitest/runner/dist/index.js:1195:8)\n    at Object.collect (file:///C:/Users/DORAT/Desktop/Rehab-main/node_modules/@vitest/runner/dist/index.js:901:10)\n    at Object.collect (file:///C:/Users/DORAT/Desktop/Rehab-main/node_modules/@vitest/runner/dist/index.js:905:54)\n    at processTicksAndRejections (node:internal/process/task_queues:103:5)\n    at Object.collect (file:///C:/Users/DORAT/Desktop/Rehab-main/node_modules/@vitest/runner/dist/index.js:905:46)\n    at file:///C:/Users/DORAT/Desktop/Rehab-main/node_modules/@vitest/runner/dist/index.js:1390:26\n    at collectTests (file:///C:/Users/DORAT/Desktop/Rehab-main/node_modules/@vitest/runner/dist/index.js:1365:3)\n    at startTests (file:///C:/Users/DORAT/Desktop/Rehab-main/node_modules/@vitest/runner/dist/index.js:1937:17)\n    at file:///C:/Users/DORAT/Desktop/Rehab-main/node_modules/vitest/dist/chunks/base.CJ0Y4ePK.js:86:26"],"meta":{}},{"ancestorTitles":["imageUtils","compressImage"],"fullName":"imageUtils compressImage 应该使用默认最大宽度","status":"failed","title":"应该使用默认最大宽度","duration":10010.988799999992,"failureMessages":["Error: STACK_TRACE_ERROR\n    at task (file:///C:/Users/DORAT/Desktop/Rehab-main/node_modules/@vitest/runner/dist/index.js:796:27)\n    at Object.<anonymous> (file:///C:/Users/DORAT/Desktop/Rehab-main/node_modules/@vitest/runner/dist/index.js:823:16)\n    at Object.<anonymous> (file:///C:/Users/DORAT/Desktop/Rehab-main/node_modules/@vitest/runner/dist/index.js:615:28)\n    at chain (file:///C:/Users/DORAT/Desktop/Rehab-main/node_modules/@vitest/runner/dist/chunk-tasks.js:9:14)\n    at C:/Users/DORAT/Desktop/Rehab-main/src/utils/__tests__/imageUtils.test.ts:104:5\n    at file:///C:/Users/DORAT/Desktop/Rehab-main/node_modules/@vitest/runner/dist/index.js:901:40\n    at runWithSuite (file:///C:/Users/DORAT/Desktop/Rehab-main/node_modules/@vitest/runner/dist/index.js:1195:8)\n    at Object.collect (file:///C:/Users/DORAT/Desktop/Rehab-main/node_modules/@vitest/runner/dist/index.js:901:10)\n    at Object.collect (file:///C:/Users/DORAT/Desktop/Rehab-main/node_modules/@vitest/runner/dist/index.js:905:54)\n    at processTicksAndRejections (node:internal/process/task_queues:103:5)\n    at Object.collect (file:///C:/Users/DORAT/Desktop/Rehab-main/node_modules/@vitest/runner/dist/index.js:905:46)\n    at file:///C:/Users/DORAT/Desktop/Rehab-main/node_modules/@vitest/runner/dist/index.js:1390:26\n    at collectTests (file:///C:/Users/DORAT/Desktop/Rehab-main/node_modules/@vitest/runner/dist/index.js:1365:3)\n    at startTests (file:///C:/Users/DORAT/Desktop/Rehab-main/node_modules/@vitest/runner/dist/index.js:1937:17)\n    at file:///C:/Users/DORAT/Desktop/Rehab-main/node_modules/vitest/dist/chunks/base.CJ0Y4ePK.js:86:26"],"meta":{}},{"ancestorTitles":["imageUtils","compressImage"],"fullName":"imageUtils compressImage 应该处理无效文件","status":"failed","title":"应该处理无效文件","duration":10004.385800000004,"failureMessages":["Error: STACK_TRACE_ERROR\n    at task (file:///C:/Users/DORAT/Desktop/Rehab-main/node_modules/@vitest/runner/dist/index.js:796:27)\n    at Object.<anonymous> (file:///C:/Users/DORAT/Desktop/Rehab-main/node_modules/@vitest/runner/dist/index.js:823:16)\n    at Object.<anonymous> (file:///C:/Users/DORAT/Desktop/Rehab-main/node_modules/@vitest/runner/dist/index.js:615:28)\n    at chain (file:///C:/Users/DORAT/Desktop/Rehab-main/node_modules/@vitest/runner/dist/chunk-tasks.js:9:14)\n    at C:/Users/DORAT/Desktop/Rehab-main/src/utils/__tests__/imageUtils.test.ts:115:5\n    at file:///C:/Users/DORAT/Desktop/Rehab-main/node_modules/@vitest/runner/dist/index.js:901:40\n    at runWithSuite (file:///C:/Users/DORAT/Desktop/Rehab-main/node_modules/@vitest/runner/dist/index.js:1195:8)\n    at Object.collect (file:///C:/Users/DORAT/Desktop/Rehab-main/node_modules/@vitest/runner/dist/index.js:901:10)\n    at Object.collect (file:///C:/Users/DORAT/Desktop/Rehab-main/node_modules/@vitest/runner/dist/index.js:905:54)\n    at processTicksAndRejections (node:internal/process/task_queues:103:5)\n    at Object.collect (file:///C:/Users/DORAT/Desktop/Rehab-main/node_modules/@vitest/runner/dist/index.js:905:46)\n    at file:///C:/Users/DORAT/Desktop/Rehab-main/node_modules/@vitest/runner/dist/index.js:1390:26\n    at collectTests (file:///C:/Users/DORAT/Desktop/Rehab-main/node_modules/@vitest/runner/dist/index.js:1365:3)\n    at startTests (file:///C:/Users/DORAT/Desktop/Rehab-main/node_modules/@vitest/runner/dist/index.js:1937:17)\n    at file:///C:/Users/DORAT/Desktop/Rehab-main/node_modules/vitest/dist/chunks/base.CJ0Y4ePK.js:86:26"],"meta":{}}],"startTime":1772942726410,"endTime":1772942826533.3857,"status":"failed","message":"","name":"C:/Users/DORAT/Desktop/Rehab-main/src/utils/__tests__/imageUtils.test.ts"},{"assertionResults":[{"ancestorTitles":["TreatmentPlanStorage","saveVersions"],"fullName":"TreatmentPlanStorage saveVersions 应该成功保存版本数据","status":"passed","title":"应该成功保存版本数据","duration":3.7631000000001222,"failureMessages":[],"meta":{}},{"ancestorTitles":["TreatmentPlanStorage","saveVersions"],"fullName":"TreatmentPlanStorage saveVersions 应该保存空数组","status":"passed","title":"应该保存空数组","duration":0.6684000000004744,"failureMessages":[],"meta":{}},{"ancestorTitles":["TreatmentPlanStorage","loadVersions"],"fullName":"TreatmentPlanStorage loadVersions 应该成功加载版本数据","status":"passed","title":"应该成功加载版本数据","duration":0.6282000000001062,"failureMessages":[],"meta":{}},{"ancestorTitles":["TreatmentPlanStorage","loadVersions"],"fullName":"TreatmentPlanStorage loadVersions 应该返回空数组当没有数据时","status":"passed","title":"应该返回空数组当没有数据时","duration":0.3007999999999811,"failureMessages":[],"meta":{}},{"ancestorTitles":["TreatmentPlanStorage","loadVersions"],"fullName":"TreatmentPlanStorage loadVersions 应该清空数据当版本不匹配时","status":"passed","title":"应该清空数据当版本不匹配时","duration":2.0156000000006316,"failureMessages":[],"meta":{}},{"ancestorTitles":["TreatmentPlanStorage","clearVersions"],"fullName":"TreatmentPlanStorage clearVersions 应该清空所有版本数据","status":"passed","title":"应该清空所有版本数据","duration":0.42039999999997235,"failureMessages":[],"meta":{}},{"ancestorTitles":["TreatmentPlanStorage","exportData"],"fullName":"TreatmentPlanStorage exportData 应该导出JSON格式数据","status":"passed","title":"应该导出JSON格式数据","duration":0.47230000000035943,"failureMessages":[],"meta":{}},{"ancestorTitles":["TreatmentPlanStorage","importData"],"fullName":"TreatmentPlanStorage importData 应该成功导入数据","status":"passed","title":"应该成功导入数据","duration":0.49650000000019645,"failureMessages":[],"meta":{}},{"ancestorTitles":["TreatmentPlanStorage","importData"],"fullName":"TreatmentPlanStorage importData 应该拒绝无效格式","status":"passed","title":"应该拒绝无效格式","duration":7.669800000000578,"failureMessages":[],"meta":{}},{"ancestorTitles":["TreatmentPlanStorage","importData"],"fullName":"TreatmentPlanStorage importData 应该处理JSON解析错误","status":"passed","title":"应该处理JSON解析错误","duration":1.8424999999997453,"failureMessages":[],"meta":{}},{"ancestorTitles":["TreatmentPlanStorage","getStorageInfo"],"fullName":"TreatmentPlanStorage getStorageInfo 应该返回存储信息","status":"passed","title":"应该返回存储信息","duration":1.2776000000003478,"failureMessages":[],"meta":{}},{"ancestorTitles":["TreatmentPlanStorage","getStorageInfo"],"fullName":"TreatmentPlanStorage getStorageInfo 应该返回0当没有数据时","status":"passed","title":"应该返回0当没有数据时","duration":0.3249999999998181,"failureMessages":[],"meta":{}}],"startTime":1772942726435,"endTime":1772942726456.325,"status":"passed","message":"","name":"C:/Users/DORAT/Desktop/Rehab-main/src/utils/__tests__/treatmentPlanStorage.test.ts"},{"assertionResults":[{"ancestorTitles":["TreatmentPlanViewer","初始渲染"],"fullName":"TreatmentPlanViewer 初始渲染 应该正确渲染组件","status":"failed","title":"应该正确渲染组件","duration":40.082800000000134,"failureMessages":["TypeError: Cannot read properties of undefined (reading '0')\n    at TreatmentPlanViewer (C:/Users/DORAT/Desktop/Rehab-main/src/components/treatment/TreatmentPlanViewer.tsx:126:8)\n    at renderWithHooks (C:\\Users\\DORAT\\Desktop\\Rehab-main\\node_modules\\react-dom\\cjs\\react-dom.development.js:15486:18)\n    at mountIndeterminateComponent (C:\\Users\\DORAT\\Desktop\\Rehab-main\\node_modules\\react-dom\\cjs\\react-dom.development.js:20103:13)\n    at beginWork (C:\\Users\\DORAT\\Desktop\\Rehab-main\\node_modules\\react-dom\\cjs\\react-dom.development.js:21626:16)\n    at beginWork$1 (C:\\Users\\DORAT\\Desktop\\Rehab-main\\node_modules\\react-dom\\cjs\\react-dom.development.js:27465:14)\n    at performUnitOfWork (C:\\Users\\DORAT\\Desktop\\Rehab-main\\node_modules\\react-dom\\cjs\\react-dom.development.js:26599:12)\n    at workLoopSync (C:\\Users\\DORAT\\Desktop\\Rehab-main\\node_modules\\react-dom\\cjs\\react-dom.development.js:26505:5)\n    at renderRootSync (C:\\Users\\DORAT\\Desktop\\Rehab-main\\node_modules\\react-dom\\cjs\\react-dom.development.js:26473:7)\n    at recoverFromConcurrentError (C:\\Users\\DORAT\\Desktop\\Rehab-main\\node_modules\\react-dom\\cjs\\react-dom.development.js:25889:20)\n    at performConcurrentWorkOnRoot (C:\\Users\\DORAT\\Desktop\\Rehab-main\\node_modules\\react-dom\\cjs\\react-dom.development.js:25789:22)"],"meta":{}},{"ancestorTitles":["TreatmentPlanViewer","初始渲染"],"fullName":"TreatmentPlanViewer 初始渲染 应该显示提示信息","status":"failed","title":"应该显示提示信息","duration":7.589799999999741,"failureMessages":["TypeError: Cannot read properties of undefined (reading '0')\n    at TreatmentPlanViewer (C:/Users/DORAT/Desktop/Rehab-main/src/components/treatment/TreatmentPlanViewer.tsx:126:8)\n    at renderWithHooks (C:\\Users\\DORAT\\Desktop\\Rehab-main\\node_modules\\react-dom\\cjs\\react-dom.development.js:15486:18)\n    at mountIndeterminateComponent (C:\\Users\\DORAT\\Desktop\\Rehab-main\\node_modules\\react-dom\\cjs\\react-dom.development.js:20103:13)\n    at beginWork (C:\\Users\\DORAT\\Desktop\\Rehab-main\\node_modules\\react-dom\\cjs\\react-dom.development.js:21626:16)\n    at beginWork$1 (C:\\Users\\DORAT\\Desktop\\Rehab-main\\node_modules\\react-dom\\cjs\\react-dom.development.js:27465:14)\n    at performUnitOfWork (C:\\Users\\DORAT\\Desktop\\Rehab-main\\node_modules\\react-dom\\cjs\\react-dom.development.js:26599:12)\n    at workLoopSync (C:\\Users\\DORAT\\Desktop\\Rehab-main\\node_modules\\react-dom\\cjs\\react-dom.development.js:26505:5)\n    at renderRootSync (C:\\Users\\DORAT\\Desktop\\Rehab-main\\node_modules\\react-dom\\cjs\\react-dom.development.js:26473:7)\n    at recoverFromConcurrentError (C:\\Users\\DORAT\\Desktop\\Rehab-main\\node_modules\\react-dom\\cjs\\react-dom.development.js:25889:20)\n    at performConcurrentWorkOnRoot (C:\\Users\\DORAT\\Desktop\\Rehab-main\\node_modules\\react-dom\\cjs\\react-dom.development.js:25789:22)"],"meta":{}},{"ancestorTitles":["TreatmentPlanViewer","初始渲染"],"fullName":"TreatmentPlanViewer 初始渲染 应该渲染内容区域","status":"failed","title":"应该渲染内容区域","duration":14.195800000000418,"failureMessages":["TypeError: Cannot read properties of undefined (reading '0')\n    at TreatmentPlanViewer (C:/Users/DORAT/Desktop/Rehab-main/src/components/treatment/TreatmentPlanViewer.tsx:126:8)\n    at renderWithHooks (C:\\Users\\DORAT\\Desktop\\Rehab-main\\node_modules\\react-dom\\cjs\\react-dom.development.js:15486:18)\n    at mountIndeterminateComponent (C:\\Users\\DORAT\\Desktop\\Rehab-main\\node_modules\\react-dom\\cjs\\react-dom.development.js:20103:13)\n    at beginWork (C:\\Users\\DORAT\\Desktop\\Rehab-main\\node_modules\\react-dom\\cjs\\react-dom.development.js:21626:16)\n    at beginWork$1 (C:\\Users\\DORAT\\Desktop\\Rehab-main\\node_modules\\react-dom\\cjs\\react-dom.development.js:27465:14)\n    at performUnitOfWork (C:\\Users\\DORAT\\Desktop\\Rehab-main\\node_modules\\react-dom\\cjs\\react-dom.development.js:26599:12)\n    at workLoopSync (C:\\Users\\DORAT\\Desktop\\Rehab-main\\node_modules\\react-dom\\cjs\\react-dom.development.js:26505:5)\n    at renderRootSync (C:\\Users\\DORAT\\Desktop\\Rehab-main\\node_modules\\react-dom\\cjs\\react-dom.development.js:26473:7)\n    at recoverFromConcurrentError (C:\\Users\\DORAT\\Desktop\\Rehab-main\\node_modules\\react-dom\\cjs\\react-dom.development.js:25889:20)\n    at performConcurrentWorkOnRoot (C:\\Users\\DORAT\\Desktop\\Rehab-main\\node_modules\\react-dom\\cjs\\react-dom.development.js:25789:22)"],"meta":{}},{"ancestorTitles":["TreatmentPlanViewer","生成治疗计划"],"fullName":"TreatmentPlanViewer 生成治疗计划 点击按钮应该调用 generatePlan","status":"failed","title":"点击按钮应该调用 generatePlan","duration":14.878700000000208,"failureMessages":["TypeError: Cannot read properties of undefined (reading '0')\n    at TreatmentPlanViewer (C:/Users/DORAT/Desktop/Rehab-main/src/components/treatment/TreatmentPlanViewer.tsx:126:8)\n    at renderWithHooks (C:\\Users\\DORAT\\Desktop\\Rehab-main\\node_modules\\react-dom\\cjs\\react-dom.development.js:15486:18)\n    at mountIndeterminateComponent (C:\\Users\\DORAT\\Desktop\\Rehab-main\\node_modules\\react-dom\\cjs\\react-dom.development.js:20103:13)\n    at beginWork (C:\\Users\\DORAT\\Desktop\\Rehab-main\\node_modules\\react-dom\\cjs\\react-dom.development.js:21626:16)\n    at beginWork$1 (C:\\Users\\DORAT\\Desktop\\Rehab-main\\node_modules\\react-dom\\cjs\\react-dom.development.js:27465:14)\n    at performUnitOfWork (C:\\Users\\DORAT\\Desktop\\Rehab-main\\node_modules\\react-dom\\cjs\\react-dom.development.js:26599:12)\n    at workLoopSync (C:\\Users\\DORAT\\Desktop\\Rehab-main\\node_modules\\react-dom\\cjs\\react-dom.development.js:26505:5)\n    at renderRootSync (C:\\Users\\DORAT\\Desktop\\Rehab-main\\node_modules\\react-dom\\cjs\\react-dom.development.js:26473:7)\n    at recoverFromConcurrentError (C:\\Users\\DORAT\\Desktop\\Rehab-main\\node_modules\\react-dom\\cjs\\react-dom.development.js:25889:20)\n    at performConcurrentWorkOnRoot (C:\\Users\\DORAT\\Desktop\\Rehab-main\\node_modules\\react-dom\\cjs\\react-dom.development.js:25789:22)"],"meta":{}},{"ancestorTitles":["TreatmentPlanViewer","生成治疗计划"],"fullName":"TreatmentPlanViewer 生成治疗计划 生成时应该显示加载状态","status":"failed","title":"生成时应该显示加载状态","duration":16.928899999999885,"failureMessages":["TypeError: Cannot read properties of undefined (reading '0')\n    at TreatmentPlanViewer (C:/Users/DORAT/Desktop/Rehab-main/src/components/treatment/TreatmentPlanViewer.tsx:126:8)\n    at renderWithHooks (C:\\Users\\DORAT\\Desktop\\Rehab-main\\node_modules\\react-dom\\cjs\\react-dom.development.js:15486:18)\n    at mountIndeterminateComponent (C:\\Users\\DORAT\\Desktop\\Rehab-main\\node_modules\\react-dom\\cjs\\react-dom.development.js:20103:13)\n    at beginWork (C:\\Users\\DORAT\\Desktop\\Rehab-main\\node_modules\\react-dom\\cjs\\react-dom.development.js:21626:16)\n    at beginWork$1 (C:\\Users\\DORAT\\Desktop\\Rehab-main\\node_modules\\react-dom\\cjs\\react-dom.development.js:27465:14)\n    at performUnitOfWork (C:\\Users\\DORAT\\Desktop\\Rehab-main\\node_modules\\react-dom\\cjs\\react-dom.development.js:26599:12)\n    at workLoopSync (C:\\Users\\DORAT\\Desktop\\Rehab-main\\node_modules\\react-dom\\cjs\\react-dom.development.js:26505:5)\n    at renderRootSync (C:\\Users\\DORAT\\Desktop\\Rehab-main\\node_modules\\react-dom\\cjs\\react-dom.development.js:26473:7)\n    at recoverFromConcurrentError (C:\\Users\\DORAT\\Desktop\\Rehab-main\\node_modules\\react-dom\\cjs\\react-dom.development.js:25889:20)\n    at performConcurrentWorkOnRoot (C:\\Users\\DORAT\\Desktop\\Rehab-main\\node_modules\\react-dom\\cjs\\react-dom.development.js:25789:22)"],"meta":{}},{"ancestorTitles":["TreatmentPlanViewer","生成治疗计划"],"fullName":"TreatmentPlanViewer 生成治疗计划 生成时按钮应该被禁用","status":"failed","title":"生成时按钮应该被禁用","duration":7.394400000000132,"failureMessages":["TypeError: Cannot read properties of undefined (reading '0')\n    at TreatmentPlanViewer (C:/Users/DORAT/Desktop/Rehab-main/src/components/treatment/TreatmentPlanViewer.tsx:126:8)\n    at renderWithHooks (C:\\Users\\DORAT\\Desktop\\Rehab-main\\node_modules\\react-dom\\cjs\\react-dom.development.js:15486:18)\n    at mountIndeterminateComponent (C:\\Users\\DORAT\\Desktop\\Rehab-main\\node_modules\\react-dom\\cjs\\react-dom.development.js:20103:13)\n    at beginWork (C:\\Users\\DORAT\\Desktop\\Rehab-main\\node_modules\\react-dom\\cjs\\react-dom.development.js:21626:16)\n    at beginWork$1 (C:\\Users\\DORAT\\Desktop\\Rehab-main\\node_modules\\react-dom\\cjs\\react-dom.development.js:27465:14)\n    at performUnitOfWork (C:\\Users\\DORAT\\Desktop\\Rehab-main\\node_modules\\react-dom\\cjs\\react-dom.development.js:26599:12)\n    at workLoopSync (C:\\Users\\DORAT\\Desktop\\Rehab-main\\node_modules\\react-dom\\cjs\\react-dom.development.js:26505:5)\n    at renderRootSync (C:\\Users\\DORAT\\Desktop\\Rehab-main\\node_modules\\react-dom\\cjs\\react-dom.development.js:26473:7)\n    at recoverFromConcurrentError (C:\\Users\\DORAT\\Desktop\\Rehab-main\\node_modules\\react-dom\\cjs\\react-dom.development.js:25889:20)\n    at performConcurrentWorkOnRoot (C:\\Users\\DORAT\\Desktop\\Rehab-main\\node_modules\\react-dom\\cjs\\react-dom.development.js:25789:22)"],"meta":{}},{"ancestorTitles":["TreatmentPlanViewer","显示内容"],"fullName":"TreatmentPlanViewer 显示内容 应该显示生成的内容","status":"failed","title":"应该显示生成的内容","duration":21.972799999999552,"failureMessages":["TypeError: Cannot read properties of undefined (reading '0')\n    at TreatmentPlanViewer (C:/Users/DORAT/Desktop/Rehab-main/src/components/treatment/TreatmentPlanViewer.tsx:126:8)\n    at renderWithHooks (C:\\Users\\DORAT\\Desktop\\Rehab-main\\node_modules\\react-dom\\cjs\\react-dom.development.js:15486:18)\n    at mountIndeterminateComponent (C:\\Users\\DORAT\\Desktop\\Rehab-main\\node_modules\\react-dom\\cjs\\react-dom.development.js:20103:13)\n    at beginWork (C:\\Users\\DORAT\\Desktop\\Rehab-main\\node_modules\\react-dom\\cjs\\react-dom.development.js:21626:16)\n    at beginWork$1 (C:\\Users\\DORAT\\Desktop\\Rehab-main\\node_modules\\react-dom\\cjs\\react-dom.development.js:27465:14)\n    at performUnitOfWork (C:\\Users\\DORAT\\Desktop\\Rehab-main\\node_modules\\react-dom\\cjs\\react-dom.development.js:26599:12)\n    at workLoopSync (C:\\Users\\DORAT\\Desktop\\Rehab-main\\node_modules\\react-dom\\cjs\\react-dom.development.js:26505:5)\n    at renderRootSync (C:\\Users\\DORAT\\Desktop\\Rehab-main\\node_modules\\react-dom\\cjs\\react-dom.development.js:26473:7)\n    at recoverFromConcurrentError (C:\\Users\\DORAT\\Desktop\\Rehab-main\\node_modules\\react-dom\\cjs\\react-dom.development.js:25889:20)\n    at performConcurrentWorkOnRoot (C:\\Users\\DORAT\\Desktop\\Rehab-main\\node_modules\\react-dom\\cjs\\react-dom.development.js:25789:22)"],"meta":{}},{"ancestorTitles":["TreatmentPlanViewer","显示内容"],"fullName":"TreatmentPlanViewer 显示内容 有内容时应该显示清除按钮","status":"failed","title":"有内容时应该显示清除按钮","duration":12.895700000000033,"failureMessages":["TypeError: Cannot read properties of undefined (reading '0')\n    at TreatmentPlanViewer (C:/Users/DORAT/Desktop/Rehab-main/src/components/treatment/TreatmentPlanViewer.tsx:126:8)\n    at renderWithHooks (C:\\Users\\DORAT\\Desktop\\Rehab-main\\node_modules\\react-dom\\cjs\\react-dom.development.js:15486:18)\n    at mountIndeterminateComponent (C:\\Users\\DORAT\\Desktop\\Rehab-main\\node_modules\\react-dom\\cjs\\react-dom.development.js:20103:13)\n    at beginWork (C:\\Users\\DORAT\\Desktop\\Rehab-main\\node_modules\\react-dom\\cjs\\react-dom.development.js:21626:16)\n    at beginWork$1 (C:\\Users\\DORAT\\Desktop\\Rehab-main\\node_modules\\react-dom\\cjs\\react-dom.development.js:27465:14)\n    at performUnitOfWork (C:\\Users\\DORAT\\Desktop\\Rehab-main\\node_modules\\react-dom\\cjs\\react-dom.development.js:26599:12)\n    at workLoopSync (C:\\Users\\DORAT\\Desktop\\Rehab-main\\node_modules\\react-dom\\cjs\\react-dom.development.js:26505:5)\n    at renderRootSync (C:\\Users\\DORAT\\Desktop\\Rehab-main\\node_modules\\react-dom\\cjs\\react-dom.development.js:26473:7)\n    at recoverFromConcurrentError (C:\\Users\\DORAT\\Desktop\\Rehab-main\\node_modules\\react-dom\\cjs\\react-dom.development.js:25889:20)\n    at performConcurrentWorkOnRoot (C:\\Users\\DORAT\\Desktop\\Rehab-main\\node_modules\\react-dom\\cjs\\react-dom.development.js:25789:22)"],"meta":{}},{"ancestorTitles":["TreatmentPlanViewer","显示内容"],"fullName":"TreatmentPlanViewer 显示内容 点击清除按钮应该调用 clearContent","status":"failed","title":"点击清除按钮应该调用 clearContent","duration":8.81710000000021,"failureMessages":["TypeError: Cannot read properties of undefined (reading '0')\n    at TreatmentPlanViewer (C:/Users/DORAT/Desktop/Rehab-main/src/components/treatment/TreatmentPlanViewer.tsx:126:8)\n    at renderWithHooks (C:\\Users\\DORAT\\Desktop\\Rehab-main\\node_modules\\react-dom\\cjs\\react-dom.development.js:15486:18)\n    at mountIndeterminateComponent (C:\\Users\\DORAT\\Desktop\\Rehab-main\\node_modules\\react-dom\\cjs\\react-dom.development.js:20103:13)\n    at beginWork (C:\\Users\\DORAT\\Desktop\\Rehab-main\\node_modules\\react-dom\\cjs\\react-dom.development.js:21626:16)\n    at beginWork$1 (C:\\Users\\DORAT\\Desktop\\Rehab-main\\node_modules\\react-dom\\cjs\\react-dom.development.js:27465:14)\n    at performUnitOfWork (C:\\Users\\DORAT\\Desktop\\Rehab-main\\node_modules\\react-dom\\cjs\\react-dom.development.js:26599:12)\n    at workLoopSync (C:\\Users\\DORAT\\Desktop\\Rehab-main\\node_modules\\react-dom\\cjs\\react-dom.development.js:26505:5)\n    at renderRootSync (C:\\Users\\DORAT\\Desktop\\Rehab-main\\node_modules\\react-dom\\cjs\\react-dom.development.js:26473:7)\n    at recoverFromConcurrentError (C:\\Users\\DORAT\\Desktop\\Rehab-main\\node_modules\\react-dom\\cjs\\react-dom.development.js:25889:20)\n    at performConcurrentWorkOnRoot (C:\\Users\\DORAT\\Desktop\\Rehab-main\\node_modules\\react-dom\\cjs\\react-dom.development.js:25789:22)"],"meta":{}},{"ancestorTitles":["TreatmentPlanViewer","错误处理"],"fullName":"TreatmentPlanViewer 错误处理 应该显示错误信息","status":"failed","title":"应该显示错误信息","duration":31.839899999999943,"failureMessages":["TypeError: Cannot read properties of undefined (reading '0')\n    at TreatmentPlanViewer (C:/Users/DORAT/Desktop/Rehab-main/src/components/treatment/TreatmentPlanViewer.tsx:126:8)\n    at renderWithHooks (C:\\Users\\DORAT\\Desktop\\Rehab-main\\node_modules\\react-dom\\cjs\\react-dom.development.js:15486:18)\n    at mountIndeterminateComponent (C:\\Users\\DORAT\\Desktop\\Rehab-main\\node_modules\\react-dom\\cjs\\react-dom.development.js:20103:13)\n    at beginWork (C:\\Users\\DORAT\\Desktop\\Rehab-main\\node_modules\\react-dom\\cjs\\react-dom.development.js:21626:16)\n    at beginWork$1 (C:\\Users\\DORAT\\Desktop\\Rehab-main\\node_modules\\react-dom\\cjs\\react-dom.development.js:27465:14)\n    at performUnitOfWork (C:\\Users\\DORAT\\Desktop\\Rehab-main\\node_modules\\react-dom\\cjs\\react-dom.development.js:26599:12)\n    at workLoopSync (C:\\Users\\DORAT\\Desktop\\Rehab-main\\node_modules\\react-dom\\cjs\\react-dom.development.js:26505:5)\n    at renderRootSync (C:\\Users\\DORAT\\Desktop\\Rehab-main\\node_modules\\react-dom\\cjs\\react-dom.development.js:26473:7)\n    at recoverFromConcurrentError (C:\\Users\\DORAT\\Desktop\\Rehab-main\\node_modules\\react-dom\\cjs\\react-dom.development.js:25889:20)\n    at performConcurrentWorkOnRoot (C:\\Users\\DORAT\\Desktop\\Rehab-main\\node_modules\\react-dom\\cjs\\react-dom.development.js:25789:22)"],"meta":{}},{"ancestorTitles":["TreatmentPlanViewer","错误处理"],"fullName":"TreatmentPlanViewer 错误处理 错误信息应该包含警告图标","status":"failed","title":"错误信息应该包含警告图标","duration":10.539800000000469,"failureMessages":["TypeError: Cannot read properties of undefined (reading '0')\n    at TreatmentPlanViewer (C:/Users/DORAT/Desktop/Rehab-main/src/components/treatment/TreatmentPlanViewer.tsx:126:8)\n    at renderWithHooks (C:\\Users\\DORAT\\Desktop\\Rehab-main\\node_modules\\react-dom\\cjs\\react-dom.development.js:15486:18)\n    at mountIndeterminateComponent (C:\\Users\\DORAT\\Desktop\\Rehab-main\\node_modules\\react-dom\\cjs\\react-dom.development.js:20103:13)\n    at beginWork (C:\\Users\\DORAT\\Desktop\\Rehab-main\\node_modules\\react-dom\\cjs\\react-dom.development.js:21626:16)\n    at beginWork$1 (C:\\Users\\DORAT\\Desktop\\Rehab-main\\node_modules\\react-dom\\cjs\\react-dom.development.js:27465:14)\n    at performUnitOfWork (C:\\Users\\DORAT\\Desktop\\Rehab-main\\node_modules\\react-dom\\cjs\\react-dom.development.js:26599:12)\n    at workLoopSync (C:\\Users\\DORAT\\Desktop\\Rehab-main\\node_modules\\react-dom\\cjs\\react-dom.development.js:26505:5)\n    at renderRootSync (C:\\Users\\DORAT\\Desktop\\Rehab-main\\node_modules\\react-dom\\cjs\\react-dom.development.js:26473:7)\n    at recoverFromConcurrentError (C:\\Users\\DORAT\\Desktop\\Rehab-main\\node_modules\\react-dom\\cjs\\react-dom.development.js:25889:20)\n    at performConcurrentWorkOnRoot (C:\\Users\\DORAT\\Desktop\\Rehab-main\\node_modules\\react-dom\\cjs\\react-dom.development.js:25789:22)"],"meta":{}},{"ancestorTitles":["TreatmentPlanViewer","props 传递"],"fullName":"TreatmentPlanViewer props 传递 应该正确接收 assessmentId 和 patientId","status":"failed","title":"应该正确接收 assessmentId 和 patientId","duration":8.30370000000039,"failureMessages":["TypeError: Cannot read properties of undefined (reading '0')\n    at TreatmentPlanViewer (C:/Users/DORAT/Desktop/Rehab-main/src/components/treatment/TreatmentPlanViewer.tsx:126:8)\n    at renderWithHooks (C:\\Users\\DORAT\\Desktop\\Rehab-main\\node_modules\\react-dom\\cjs\\react-dom.development.js:15486:18)\n    at mountIndeterminateComponent (C:\\Users\\DORAT\\Desktop\\Rehab-main\\node_modules\\react-dom\\cjs\\react-dom.development.js:20103:13)\n    at beginWork (C:\\Users\\DORAT\\Desktop\\Rehab-main\\node_modules\\react-dom\\cjs\\react-dom.development.js:21626:16)\n    at beginWork$1 (C:\\Users\\DORAT\\Desktop\\Rehab-main\\node_modules\\react-dom\\cjs\\react-dom.development.js:27465:14)\n    at performUnitOfWork (C:\\Users\\DORAT\\Desktop\\Rehab-main\\node_modules\\react-dom\\cjs\\react-dom.development.js:26599:12)\n
[...]
0-1.66 0L2.6 6.08a1 1 0 0 0 0 1.83l8.58 3.91a2 2 0 0 0 1.66 0l8.58-3.9a1 1 0 0 0 0-1.83z\"\u001b[39m\n                \u001b[36m/>\u001b[39m\n                \u001b[36m<path\u001b[39m\n                  \u001b[33md\u001b[39m=\u001b[32m\"M2 12a1 1 0 0 0 .58.91l8.6 3.91a2 2 0 0 0 1.65 0l8.58-3.9A1 1 0 0 0 22 12\"\u001b[39m\n                \u001b[36m/>\u001b[39m\n                \u001b[36m<path\u001b[39m\n                  \u001b[33md\u001b[39m=\u001b[32m\"M2 17a1 1 0 0 0 .58.91l8.6 3.91a2 2 0 0 0 1.65 0l8.58-3.9A1 1 0 0 0 22 17\"\u001b[39m\n                \u001b[36m/>\u001b[39m\n              \u001b[36m</svg>\u001b[39m\n            \u001b[36m</div>\u001b[39m\n            \u001b[36m<h3\u001b[39m\n              \u001b[33mclass\u001b[39m=\u001b[32m\"text-xl font-black text-slate-900 mb-2 tracking-tight group-hover:text-antey-primary transition-colors\"\u001b[39m\n            \u001b[36m>\u001b[39m\n              \u001b[0m标准评估\u001b[0m\n            \u001b[36m</h3>\u001b[39m\n            \u001b[36m<p\u001b[39m\n              \u001b[33mclass\u001b[39m=\u001b[32m\"text-[13px] font-medium text-slate-600/80 leading-relaxed mb-4\"\u001b[39m\n            \u001b[36m>\u001b[39m\n              \u001b[0m前-侧-后三视角完整评估，数据完整、诊断准确、全面分析。适合需要详细诊断的场景。\u001b[0m\n            \u001b[36m</p>\u001b[39m\n            \u001b[36m<div\u001b[39m\n              \u001b[33mclass\u001b[39m=\u001b[32m\"flex flex-wrap gap-2 mb-4\"\u001b[39m\n            \u001b[36m>\u001b[39m\n              \u001b[36m<span\u001b[39m\n                \u001b[33mclass\u001b[39m=\u001b[32m\"px-4 py-2 bg-slate-50/80 rounded-xl text-[11px] font-bold text-slate-600 border border-slate-100/50\"\u001b[39m\n              \u001b[36m>\u001b[39m\n                \u001b[0m数据完整\u001b[0m\n              \u001b[36m</span>\u001b[39m\n              \u001b[36m<span\u001b[39m\n                \u001b[33mclass\u001b[39m=\u001b[32m\"px-4 py-2 bg-slate-50/80 rounded-xl text-[11px] font-bold text-slate-600 border border-slate-100/50\"\u001b[39m\n              \u001b[36m>\u001b[39m\n                \u001b[0m诊断准确\u001b[0m\n              \u001b[36m</span>\u001b[39m\n              \u001b[36m<span\u001b[39m\n                \u001b[33mclass\u001b[39m=\u001b[32m\"px-4 py-2 bg-slate-50/80 rounded-xl text-[11px] font-bold text-slate-600 border border-slate-100/50\"\u001b[39m\n              \u001b[36m>\u001b[39m\n                \u001b[0m全面分析\u001b[0m\n              \u001b[36m</span>\u001b[39m\n            \u001b[36m</div>\u001b[39m\n            \u001b[36m<div\u001b[39m\n              \u001b[33mclass\u001b[39m=\u001b[32m\"w-full\"\u001b[39m\n            \u001b[36m>\u001b[39m\n              \u001b[36m<button\u001b[39m\n                \u001b[33mclass\u001b[39m=\u001b[32m\"group/btn w-full h-14 rounded-xl bg-gradient-to-r flex items-center justify-between px-6 text-white transition-all hover:scale-[1.02] active:scale-95 shadow-lg from-emerald-500 to-teal-400\"\u001b[39m\n              \u001b[36m>\u001b[39m\n                \u001b[36m<div\u001b[39m\n                  \u001b[33mclass\u001b[39m=\u001b[32m\"flex items-center gap-3\"\u001b[39m\n                \u001b[36m>\u001b[39m\n                  \u001b[36m<div\u001b[39m\n                    \u001b[33mclass\u001b[39m=\u001b[32m\"p-1.5 bg-white/20 rounded-lg\"\u001b[39m\n                  \u001b[36m>\u001b[39m\n                    \u001b[36m<svg\u001b[39m\n                      \u001b[33maria-hidden\u001b[39m=\u001b[32m\"true\"\u001b[39m\n                      \u001b[33mclass\u001b[39m=\u001b[32m\"lucide lucide-arrow-right\"\u001b[39m\n                      \u001b[33mfill\u001b[39m=\u001b[32m\"none\"\u001b[39m\n                      \u001b[33mheight\u001b[39m=\u001b[32m\"18\"\u001b[39m\n                      \u001b[33mstroke\u001b[39m=\u001b[32m\"currentColor\"\u001b[39m\n                      \u001b[33mstroke-linecap\u001b[39m=\u001b[32m\"round\"\u001b[39m\n                      \u001b[33mstroke-linejoin\u001b[39m=\u001b[32m\"round\"\u001b[39m\n                      \u001b[33mstroke-width\u001b[39m=\u001b[32m\"2\"\u001b[39m\n                      \u001b[33mviewBox\u001b[39m=\u001b[32m\"0 0 24 24\"\u001b[39m\n                      \u001b[33mwidth\u001b[39m=\u001b[32m\"18\"\u001b[39m\n                      \u001b[33mxmlns\u001b[39m=\u001b[32m\"http://www.w3.org/2000/svg\"\u001b[39m\n                    \u001b[36m>\u001b[39m\n                      \u001b[36m<path\u001b[39m\n                        \u001b[33md\u001b[39m=\u001b[32m\"M5 12h14\"\u001b[39m\n                      \u001b[36m/>\u001b[39m\n                      \u001b[36m<path\u001b[39m\n                        \u001b[33md\u001b[39m=\u001b[32m\"m12 5 7 7-7 7\"\u001b[39m\n                      \u001b[36m/>\u001b[39m\n                    \u001b[36m</svg>\u001b[39m\n                  \u001b[36m</div>\u001b[39m\n                  \u001b[36m<div\u001b[39m\n                    \u001b[33mclass\u001b[39m=\u001b[32m\"flex flex-col items-start\"\u001b[39m\n                  \u001b[36m>\u001b[39m\n                    \u001b[36m<span\u001b[39m\n                      \u001b[33mclass\u001b[39m=\u001b[32m\"text-[9px] font-black uppercase tracking-widest opacity-60\"\u001b[39m\n                    \u001b[36m>\u001b[39m\n                      \u001b[0mStart Assessment\u001b[0m\n                    \u001b[36m</span>\u001b[39m\n                    \u001b[36m<span\u001b[39m\n                      \u001b[33mclass\u001b[39m=\u001b[32m\"text-sm font-black tracking-tight\"\u001b[39m\n                    \u001b[36m>\u001b[39m\n                      \u001b[0m开始评估\u001b[0m\n                    \u001b[36m</span>\u001b[39m\n                  \u001b[36m</div>\u001b[39m\n                \u001b[36m</div>\u001b[39m\n                \u001b[36m<svg\u001b[39m\n                  \u001b[33maria-hidden\u001b[39m=\u001b[32m\"true\"\u001b[39m\n                  \u001b[33mclass\u001b[39m=\u001b[32m\"lucide lucide-chevron-right group-hover/btn:translate-x-1 transition-transform\"\u001b[39m\n                  \u001b[33mfill\u001b[39m=\u001b[32m\"none\"\u001b[39m\n                  \u001b[33mheight\u001b[39m=\u001b[32m\"18\"\u001b[39m\n                  \u001b[33mstroke\u001b[39m=\u001b[32m\"currentColor\"\u001b[39m\n                  \u001b[33mstroke-linecap\u001b[39m=\u001b[32m\"round\"\u001b[39m\n                  \u001b[33mstroke-linejoin\u001b[39m=\u001b[32m\"round\"\u001b[39m\n                  \u001b[33mstroke-width\u001b[39m=\u001b[32m\"2\"\u001b[39m\n                  \u001b[33mviewBox\u001b[39m=\u001b[32m\"0 0 24 24\"\u001b[39m\n                  \u001b[33mwidth\u001b[39m=\u001b[32m\"18\"\u001b[39m\n                  \u001b[33mxmlns\u001b[39m=\u001b[32m\"http://www.w3.org/2000/svg\"\u001b[39m\n                \u001b[36m>\u001b[39m\n                  \u001b[36m<path\u001b[39m\n                    \u001b[33md\u001b[39m=\u001b[32m\"m9 18 6-6-6-6\"\u001b[39m\n                  \u001b[36m/>\u001b[39m\n                \u001b[36m</svg>\u001b[39m\n              \u001b[36m</button>\u001b[39m\n            \u001b[36m</div>\u001b[39m\n            \u001b[36m<div\u001b[39m\n              \u001b[33mclass\u001b[39m=\u001b[32m\"absolute -bottom-10 -right-10 w-48 h-48 bg-gradient-to-br opacity-[0.03] rounded-full blur-3xl transition-all group-hover:opacity-[0.1] group-hover:scale-150 from-emerald-500 to-teal-400\"\u001b[39m\n            \u001b[36m/>\u001b[39m\n          \u001b[36m</div>\u001b[39m\n        \u001b[36m</div>\u001b[39m\n        \u001b[36m<div\u001b[39m\n          \u001b[33mclass\u001b[39m=\u001b[32m\"flex flex-col gap-3\"\u001b[39m\n        \u001b[36m>\u001b[39m\n          \u001b[36m<div\u001b[39m\n            \u001b[33mclass\u001b[39m=\u001b[32m\"flex items-center gap-2 px-1\"\u001b[39m\n          \u001b[36m>\u001b[39m\n            \u001b[36m<span\u001b[39m\n              \u001b[33mclass\u001b[39m=\u001b[32m\"px-2 py-0.5 rounded-full text-[9px] font-black uppercase tracking-[0.15em] text-white shadow-xl bg-gradient-to-r from-antey-primary to-cyan-400\"\u001b[39m\n            \u001b[36m>\u001b[39m\n              \u001b[0m快速\u001b[0m\n            \u001b[36m</span>\u001b[39m\n            \u001b[36m<span\u001b[39m\n              \u001b[33mclass\u001b[39m=\u001b[32m\"text-[10px] font-bold text-slate-400\"\u001b[39m\n            \u001b[36m>\u001b[39m\n              \u001b[0m预计 \u001b[0m\n              \u001b[0m1-2 分钟\u001b[0m\n            \u001b[36m</span>\u001b[39m\n          \u001b[36m</div>\u001b[39m\n          \u001b[36m<div\u001b[39m\n            \u001b[33mclass\u001b[39m=\u001b[32m\"group relative bento-card-glass p-6 flex flex-col items-start text-left transition-all duration-500 bg-slate-50/40 border-white/60 cursor-pointer hover:bg-slate-50/60 hover:shadow-2xl active:scale-[0.98]\"\u001b[39m\n          \u001b[36m>\u001b[39m\n            \u001b[36m<div\u001b[39m\n              \u001b[33mclass\u001b[39m=\u001b[32m\"w-48 h-48 rounded-[1.5rem] flex items-center justify-center mb-4 shadow-2xl group-hover:scale-110 transition-transform duration-500 bg-gradient-to-br text-white from-antey-primary to-cyan-400\"\u001b[39m\n            \u001b[36m>\u001b[39m\n              \u001b[36m<svg\u001b[39m\n                \u001b[33maria-hidden\u001b[39m=\u001b[32m\"true\"\u001b[39m\n                \u001b[33mclass\u001b[39m=\u001b[32m\"lucide lucide-zap\"\u001b[39m\n                \u001b[33mfill\u001b[39m=\u001b[32m\"none\"\u001b[39m\n                \u001b[33mheight\u001b[39m=\u001b[32m\"32\"\u001b[39m\n                \u001b[33mstroke\u001b[39m=\u001b[32m\"currentColor\"\u001b[39m\n                \u001b[33mstroke-linecap\u001b[39m=\u001b[32m\"round\"\u001b[39m\n                \u001b[33mstroke-linejoin\u001b[39m=\u001b[32m\"round\"\u001b[39m\n                \u001b[33mstroke-width\u001b[39m=\u001b[32m\"2\"\u001b[39m\n                \u001b[33mviewBox\u001b[39m=\u001b[32m\"0 0 24 24\"\u001b[39m\n                \u001b[33mwidth\u001b[39m=\u001b[32m\"32\"\u001b[39m\n                \u001b[33mxmlns\u001b[39m=\u001b[32m\"http://www.w3.org/2000/svg\"\u001b[39m\n              \u001b[36m>\u001b[39m\n                \u001b[36m<path\u001b[39m\n                  \u001b[33md\u001b[39m=\u001b[32m\"M4 14a1 1 0 0 1-.78-1.63l9.9-10.2a.5.5 0 0 1 .86.46l-1.92 6.02A1 1 0 0 0 13 10h7a1 1 0 0 1 .78 1.63l-9.9 10.2a.5.5 0 0 1-.86-.46l1.92-6.02A1 1 0 0 0 11 14z\"\u001b[39m\n                \u001b[36m/>\u001b[39m\n              \u001b[36m</svg>\u001b[39m\n            \u001b[36m</div>\u001b[39m\n            \u001b[36m<h3\u001b[39m\n              \u001b[33mclass\u001b[39m=\u001b[32m\"text-xl font-black text-slate-900 mb-2 tracking-tight group-hover:text-antey-primary transition-colors\"\u001b[39m\n            \u001b[36m>\u001b[39m\n              \u001b[0m快速评估\u001b[0m\n            \u001b[36m</h3>\u001b[39m\n            \u001b[36m<p\u001b[39m\n              \u001b[33mclass\u001b[39m=\u001b[32m\"text-[13px] font-medium text-slate-600/80 leading-relaxed mb-4\"\u001b[39m\n            \u001b[36m>\u001b[39m\n              \u001b[0m单视角快速筛查，即时反馈、快速筛查、初步检查。适合快速筛查和初步检查。\u001b[0m\n            \u001b[36m</p>\u001b[39m\n            \u001b[36m<div\u001b[39m\n              \u001b[33mclass\u001b[39m=\u001b[32m\"flex flex-wrap gap-2 mb-4\"\u001b[39m\n            \u001b[36m>\u001b[39m\n              \u001b[36m<span\u001b[39m\n                \u001b[33mclass\u001b[39m=\u001b[32m\"px-4 py-2 bg-slate-50/80 rounded-xl text-[11px] font-bold text-slate-600 border border-slate-100/50\"\u001b[39m\n              \u001b[36m>\u001b[39m\n                \u001b[0m即时反馈\u001b[0m\n              \u001b[36m</span>\u001b[39m\n              \u001b[36m<span\u001b[39m\n                \u001b[33mclass\u001b[39m=\u001b[32m\"px-4 py-2 bg-slate-50/80 rounded-xl text-[11px] font-bold text-slate-600 border border-slate-100/50\"\u001b[39m\n              \u001b[36m>\u001b[39m\n                \u001b[0m快速筛查\u001b[0m\n              \u001b[36m</span>\u001b[39m\n              \u001b[36m<span\u001b[39m\n                \u001b[33mclass\u001b[39m=\u001b[32m\"px-4 py-2 bg-slate-50/80 rounded-xl text-[11px] font-bold text-slate-600 border border-slate-100/50\"\u001b[39m\n              \u001b[36m>\u001b[39m\n                \u001b[0m初步检查\u001b[0m\n              \u001b[36m</span>\u001b[39m\n            \u001b[36m</div>\u001b[39m\n            \u001b[36m<div\u001b[39m\n              \u001b[33mclass\u001b[39m=\u001b[32m\"w-full\"\u001b[39m\n            \u001b[36m>\u001b[39m\n              \u001b[36m<button\u001b[39m\n                \u001b[33mclass\u001b[39m=\u001b[32m\"group/btn w-full h-14 rounded-xl bg-gradient-to-r flex items-center justify-between px-6 text-white transition-all hover:scale-[1.02] active:scale-95 shadow-lg from-antey-primary to-cyan-400\"\u001b[39m\n              \u001b[36m>\u001b[39m\n                \u001b[36m<div\u001b[39m\n                  \u001b[33mclass\u001b[39m=\u001b[32m\"flex items-center gap-3\"\u001b[39m\n                \u001b[36m>\u001b[39m\n                  \u001b[36m<div\u001b[39m\n                    \u001b[33mclass\u001b[39m=\u001b[32m\"p-1.5 bg-white/20 rounded-lg\"\u001b[39m\n                  \u001b[36m>\u001b[39m\n                    \u001b[36m<svg\u001b[39m\n                      \u001b[33maria-hidden\u001b[39m=\u001b[32m\"true\"\u001b[39m\n                      \u001b[33mclass\u001b[39m=\u001b[32m\"lucide lucide-arrow-right\"\u001b[39m\n                      \u001b[33mfill\u001b[39m=\u001b[32m\"none\"\u001b[39m\n                      \u001b[33mheight\u001b[39m=\u001b[32m\"18\"\u001b[39m\n                      \u001b[33mstroke\u001b[39m=\u001b[32m\"currentColor\"\u001b[39m\n                      \u001b[33mstroke-linecap\u001b[39m=\u001b[32m\"round\"\u001b[39m\n                      \u001b[33mstroke-linejoin\u001b[39m=\u001b[32m\"round\"\u001b[39m\n                      \u001b[33mstroke-width\u001b[39m=\u001b[32m\"2\"\u001b[39m\n                      \u001b[33mviewBox\u001b[39m=\u001b[32m\"0 0 24 24\"\u001b[39m\n                      \u001b[33mwidth\u001b[39m=\u001b[32m\"18\"\u001b[39m\n                      \u001b[33mxmlns\u001b[39m=\u001b[32m\"http://www.w3.org/2000/svg\"\u001b[39m\n                    \u001b[36m>\u001b[39m\n                      \u001b[36m<path\u001b[39m\n                        \u001b[33md\u001b[39m=\u001b[32m\"M5 12h14\"\u001b[39m\n                      \u001b[36m/>\u001b[39m\n                      \u001b[36m<path\u001b[39m\n                        \u001b[33md\u001b[39m=\u001b[32m\"m12 5 7 7-7 7\"\u001b[39m\n                      \u001b[36m/>\u001b[39m\n                    \u001b[36m</svg>\u001b[39m\n                  \u001b[36m</div>\u001b[39m\n                  \u001b[36m<div\u001b[39m\n                    \u001b[33mclass\u001b[39m=\u001b[32m\"flex flex-col items-start\"\u001b[39m\n                  \u001b[36m>\u001b[39m\n                    \u001b[36m<span\u001b[39m\n                      \u001b[33mclass\u001b[39m=\u001b[32m\"text-[9px] font-black uppercase tracking-widest opacity-60\"\u001b[39m\n                    \u001b[36m>\u001b[39m\n                      \u001b[0mStart Assessment\u001b[0m\n                    \u001b[36m</span>\u001b[39m\n                    \u001b[36m<span\u001b[39m\n                      \u001b[33mclass\u001b[39m=\u001b[32m\"text-sm font-black tracking-tight\"\u001b[39m\n                    \u001b[36m>\u001b[39m\n                      \u001b[0m开始评估\u001b[0m\n                    \u001b[36m</span>\u001b[39m\n                  \u001b[36m</div>\u001b[39m\n                \u001b[36m</div>\u001b[39m\n                \u001b[36m<svg\u001b[39m\n                  \u001b[33maria-hidden\u001b[39m=\u001b[32m\"true\"\u001b[39m\n                  \u001b[33mclass\u001b[39m=\u001b[32m\"lucide lucide-chevron-right group-hover/btn:translate-x-1 transition-transform\"\u001b[39m\n                  \u001b[33mfill\u001b[39m=\u001b[32m\"none\"\u001b[39m\n                  \u001b[33mheight\u001b[39m=\u001b[32m\"18\"\u001b[39m\n                  \u001b[33mstroke\u001b[39m=\u001b[32m\"currentColor\"\u001b[39m\n                  \u001b[33mstroke-linecap\u001b[39m=\u001b[32m\"round\"\u001b[39m\n                  \u001b[33mstroke-linejoin\u001b[39m=\u001b[32m\"round\"\u001b[39m\n                  \u001b[33mstroke-width\u001b[39m=\u001b[32m\"2\"\u001b[39m\n                  \u001b[33mviewBox\u001b[39m=\u001b[32m\"0 0 24 24\"\u001b[39m\n                  \u001b[33mwidth\u001b[39m=\u001b[32m\"18\"\u001b[39m\n                  \u001b[33mxmlns\u001b[39m=\u001b[32m\"http://www.w3.org/2000/svg\"\u001b[39m\n                \u001b[36m>\u001b[39m\n                  \u001b[36m<path\u001b[39m\n                    \u001b[33md\u001b[39m=\u001b[32m\"m9 18 6-6-6-6\"\u001b[39m\n                  \u001b[36m/>\u001b[39m\n                \u001b[36m</svg>\u001b[39m\n              \u001b[36m</button>\u001b[39m\n            \u001b[36m</div>\u001b[39m\n            \u001b[36m<div\u001b[39m\n              \u001b[33mclass\u001b[39m=\u001b[32m\"absolute -bottom-10 -right-10 w-48 h-48 bg-gradient-to-br opacity-[0.03] rounded-full blur-3xl transition-all group-hover:opacity-[0.1] group-hover:scale-150 from-antey-primary to-cyan-400\"\u001b[39m\n            \u001b[36m/>\u001b[39m\n          \u001b[36m</div>\u001b[39m\n        \u001b[36m</div>\u001b[39m\n      \u001b[36m</div>\u001b[39m\n      \u001b[36m<div\u001b[39m\n        \u001b[33mclass\u001b[39m=\u001b[32m\"flex flex-col items-center gap-4 opacity-40\"\u001b[39m\n      \u001b[36m>\u001b[39m\n        \u001b[36m<div\u001b[39m\n          \u001b[33mclass\u001b[39m=\u001b[32m\"w-px h-12 bg-gradient-to-b from-slate-300 to-transparent\"\u001b[39m\n        \u001b[36m/>\u001b[39m\n        \u001b[36m<p\u001b[39m\n          \u001b[33mclass\u001b[39m=\u001b[32m\"text-[10px] font-black text-slate-400 uppercase tracking-[0.4em]\"\u001b[39m\n        \u001b[36m>\u001b[39m\n          \u001b[0mChoose your assessment type to proceed\u001b[0m\n        \u001b[36m</p>\u001b[39m\n      \u001b[36m</div>\u001b[39m\n    \u001b[36m</div>\u001b[39m\n  \u001b[36m</div>\u001b[39m\n\u001b[36m</body>\u001b[39m\n    at Object.getElementError (C:\\Users\\DORAT\\Desktop\\Rehab-main\\node_modules\\@testing-library\\dom\\dist\\config.js:37:19)\n    at C:\\Users\\DORAT\\Desktop\\Rehab-main\\node_modules\\@testing-library\\dom\\dist\\query-helpers.js:76:38\n    at C:\\Users\\DORAT\\Desktop\\Rehab-main\\node_modules\\@testing-library\\dom\\dist\\query-helpers.js:52:17\n    at C:\\Users\\DORAT\\Desktop\\Rehab-main\\node_modules\\@testing-library\\dom\\dist\\query-helpers.js:95:19\n    at C:/Users/DORAT/Desktop/Rehab-main/src/plugins/vision3/__tests__/Vision3EntryHub.test.tsx:113:34\n    at file:///C:/Users/DORAT/Desktop/Rehab-main/node_modules/@vitest/runner/dist/index.js:145:11\n    at file:///C:/Users/DORAT/Desktop/Rehab-main/node_modules/@vitest/runner/dist/index.js:915:26\n    at file:///C:/Users/DORAT/Desktop/Rehab-main/node_modules/@vitest/runner/dist/index.js:1243:20\n    at new Promise (<anonymous>)\n    at runWithTimeout (file:///C:/Users/DORAT/Desktop/Rehab-main/node_modules/@vitest/runner/dist/index.js:1209:10)"],"meta":{}}],"startTime":1772942727092,"endTime":1772942728869.4885,"status":"failed","message":"","name":"C:/Users/DORAT/Desktop/Rehab-main/src/plugins/vision3/__tests__/Vision3EntryHub.test.tsx"},{"assertionResults":[{"ancestorTitles":["Vision3Plugin Rendering Logic (Phase 3 TDD)"],"fullName":"Vision3Plugin Rendering Logic (Phase 3 TDD) should map head_axes to structured axes","status":"passed","title":"should map head_axes to structured axes","duration":3.240300000000161,"failureMessages":[],"meta":{}},{"ancestorTitles":["Vision3Plugin Rendering Logic (Phase 3 TDD)"],"fullName":"Vision3Plugin Rendering Logic (Phase 3 TDD) should render three axes and labels","status":"passed","title":"should render three axes and labels","duration":2.455400000000054,"failureMessages":[],"meta":{}}],"startTime":1772942729048,"endTime":1772942729053.4553,"status":"passed","message":"","name":"C:/Users/DORAT/Desktop/Rehab-main/src/plugins/vision3/__tests__/Vision3Plugin.rendering.test.tsx"}]}