{"numTotalTestSuites":114,"numPassedTestSuites":114,"numFailedTestSuites":0,"numPendingTestSuites":0,"numTotalTests":241,"numPassedTests":241,"numFailedTests":0,"numPendingTests":0,"numTodoTests":0,"snapshot":{"added":0,"failure":false,"filesAdded":0,"filesRemoved":0,"filesRemovedList":[],"filesUnmatched":0,"filesUpdated":0,"matched":0,"total":0,"unchecked":0,"uncheckedKeysByFile":[],"unmatched":0,"updated":0,"didUpdate":false},"startTime":1773112482949,"success":true,"testResults":[{"assertionResults":[{"ancestorTitles":["API Index exports"],"fullName":"API Index exports should export TreatmentPlanApi from index","status":"passed","title":"should export TreatmentPlanApi from index","duration":0.7555999999999585,"failureMessages":[],"meta":{}},{"ancestorTitles":["API Index exports"],"fullName":"API Index exports should have generateStream method","status":"passed","title":"should have generateStream method","duration":0.1697999999998956,"failureMessages":[],"meta":{}},{"ancestorTitles":["API Index exports"],"fullName":"API Index exports should have generate method","status":"passed","title":"should have generate method","duration":0.1412000000000262,"failureMessages":[],"meta":{}}],"startTime":1773112487551,"endTime":1773112487552.17,"status":"passed","message":"","name":"C:/Users/DORAT/Desktop/Rehab-main/src/api/__tests__/index.test.ts"},{"assertionResults":[{"ancestorTitles":["TreatmentPlanApi","generateStream"],"fullName":"TreatmentPlanApi generateStream 应该成功调用流式 API 并处理 chunks","status":"passed","title":"应该成功调用流式 API 并处理 chunks","duration":6.772699999999986,"failureMessages":[],"meta":{}},{"ancestorTitles":["TreatmentPlanApi","generateStream"],"fullName":"TreatmentPlanApi generateStream 应该在 HTTP 错误时抛出异常","status":"passed","title":"应该在 HTTP 错误时抛出异常","duration":8.529700000000048,"failureMessages":[],"meta":{}},{"ancestorTitles":["TreatmentPlanApi","generateStream"],"fullName":"TreatmentPlanApi generateStream 应该在无响应体时抛出异常","status":"passed","title":"应该在无响应体时抛出异常","duration":1.3962999999998829,"failureMessages":[],"meta":{}},{"ancestorTitles":["TreatmentPlanApi","generateStream"],"fullName":"TreatmentPlanApi generateStream 应该发送正确的请求体","status":"passed","title":"应该发送正确的请求体","duration":0.6659000000001924,"failureMessages":[],"meta":{}},{"ancestorTitles":["TreatmentPlanApi","generateStream"],"fullName":"TreatmentPlanApi generateStream 应该处理网络错误","status":"passed","title":"应该处理网络错误","duration":3.107200000000148,"failureMessages":[],"meta":{}},{"ancestorTitles":["TreatmentPlanApi","generateStream"],"fullName":"TreatmentPlanApi generateStream 应该处理空的 chunks","status":"passed","title":"应该处理空的 chunks","duration":1.1599999999998545,"failureMessages":[],"meta":{}},{"ancestorTitles":["TreatmentPlanApi","generate"],"fullName":"TreatmentPlanApi generate 应该成功调用非流式 API","status":"passed","title":"应该成功调用非流式 API","duration":0.6217999999998938,"failureMessages":[],"meta":{}},{"ancestorTitles":["TreatmentPlanApi","generate"],"fullName":"TreatmentPlanApi generate 应该在 HTTP 错误时抛出异常","status":"passed","title":"应该在 HTTP 错误时抛出异常","duration":1.0976999999998043,"failureMessages":[],"meta":{}},{"ancestorTitles":["TreatmentPlanApi","generate"],"fullName":"TreatmentPlanApi generate 应该发送正确的请求体","status":"passed","title":"应该发送正确的请求体","duration":0.4881000000000313,"failureMessages":[],"meta":{}},{"ancestorTitles":["TreatmentPlanApi","generate"],"fullName":"TreatmentPlanApi generate 应该处理网络错误","status":"passed","title":"应该处理网络错误","duration":1.2078000000001339,"failureMessages":[],"meta":{}},{"ancestorTitles":["TreatmentPlanApi","generate"],"fullName":"TreatmentPlanApi generate 应该处理 JSON 解析错误","status":"passed","title":"应该处理 JSON 解析错误","duration":1.0995000000000346,"failureMessages":[],"meta":{}},{"ancestorTitles":["TreatmentPlanApi","API 基础 URL"],"fullName":"TreatmentPlanApi API 基础 URL 应该使用正确的 API 基础 URL","status":"passed","title":"应该使用正确的 API 基础 URL","duration":0.42020000000002256,"failureMessages":[],"meta":{}}],"startTime":1773112485332,"endTime":1773112485359.4202,"status":"passed","message":"","name":"C:/Users/DORAT/Desktop/Rehab-main/src/api/__tests__/treatmentPlanApi.test.ts"},{"assertionResults":[{"ancestorTitles":["WebcamView"],"fullName":"WebcamView renders correctly when camera is on","status":"passed","title":"renders correctly when camera is on","duration":61.35069999999996,"failureMessages":[],"meta":{}},{"ancestorTitles":["WebcamView"],"fullName":"WebcamView shows message when no active measurements","status":"passed","title":"shows message when no active measurements","duration":51.55150000000003,"failureMessages":[],"meta":{}},{"ancestorTitles":["WebcamView"],"fullName":"WebcamView displays active measurements and angles","status":"passed","title":"displays active measurements and angles","duration":12.165800000000218,"failureMessages":[],"meta":{}}],"startTime":1773112485633,"endTime":1773112485758.1658,"status":"passed","message":"","name":"C:/Users/DORAT/Desktop/Rehab-main/src/components/__tests__/WebcamView.test.tsx"},{"assertionResults":[{"ancestorTitles":["useCameraStream (V2)"],"fullName":"useCameraStream (V2) should request a new stream when enabled","status":"passed","title":"should request a new stream when enabled","duration":96.88830000000007,"failureMessages":[],"meta":{}},{"ancestorTitles":["useCameraStream (V2)"],"fullName":"useCameraStream (V2) should not request stream when disabled","status":"passed","title":"should not request stream when disabled","duration":12.198100000000068,"failureMessages":[],"meta":{}},{"ancestorTitles":["useCameraStream (V2)"],"fullName":"useCameraStream (V2) should handle camera errors","status":"passed","title":"should handle camera errors","duration":78.71680000000015,"failureMessages":[],"meta":{}},{"ancestorTitles":["useCameraStream (V2)"],"fullName":"useCameraStream (V2) should provide track info when stream is active","status":"passed","title":"should provide track info when stream is active","duration":65.29700000000003,"failureMessages":[],"meta":{}},{"ancestorTitles":["useCameraStream (V2)"],"fullName":"useCameraStream (V2) should cleanup stream when unmounted","status":"passed","title":"should cleanup stream when unmounted","duration":79.05719999999974,"failureMessages":[],"meta":{}}],"startTime":1773112485258,"endTime":1773112485591.0571,"status":"passed","message":"","name":"C:/Users/DORAT/Desktop/Rehab-main/src/hooks/__tests__/useCameraStream.test.ts"},{"assertionResults":[{"ancestorTitles":["useMediaPipe"],"fullName":"useMediaPipe should initialize Pose model and start processing loop","status":"passed","title":"should initialize Pose model and start processing loop","duration":26.589899999999943,"failureMessages":[],"meta":{}},{"ancestorTitles":["useMediaPipe"],"fullName":"useMediaPipe should not process if disabled","status":"passed","title":"should not process if disabled","duration":2.208699999999908,"failureMessages":[],"meta":{}},{"ancestorTitles":["useMediaPipe"],"fullName":"useMediaPipe should support multiple listeners","status":"passed","title":"should support multiple listeners","duration":4.6788000000001375,"failureMessages":[],"meta":{}}],"startTime":1773112485331,"endTime":1773112485364.6787,"status":"passed","message":"","name":"C:/Users/DORAT/Desktop/Rehab-main/src/hooks/__tests__/useMediaPipe.test.ts"},{"assertionResults":[{"ancestorTitles":["usePostureWS","WebSocket connection management"],"fullName":"usePostureWS WebSocket connection management should initialize with disconnected status","status":"passed","title":"should initialize with disconnected status","duration":18.510600000000068,"failureMessages":[],"meta":{}},{"ancestorTitles":["usePostureWS","WebSocket connection management"],"fullName":"usePostureWS WebSocket connection management should connect to WebSocket on mount","status":"passed","title":"should connect to WebSocket on mount","duration":3.426600000000235,"failureMessages":[],"meta":{}},{"ancestorTitles":["usePostureWS","WebSocket connection management"],"fullName":"usePostureWS WebSocket connection management should update status to connecting when WebSocket is opening","status":"passed","title":"should update status to connecting when WebSocket is opening","duration":2.2950000000000728,"failureMessages":[],"meta":{}},{"ancestorTitles":["usePostureWS","WebSocket connection management"],"fullName":"usePostureWS WebSocket connection management should update status to disconnected when WebSocket closes","status":"passed","title":"should update status to disconnected when WebSocket closes","duration":1.9618000000000393,"failureMessages":[],"meta":{}},{"ancestorTitles":["usePostureWS","WebSocket connection management"],"fullName":"usePostureWS WebSocket connection management should update status to error when WebSocket errors","status":"passed","title":"should update status to error when WebSocket errors","duration":5.398599999999988,"failureMessages":[],"meta":{}},{"ancestorTitles":["usePostureWS","WebSocket connection management"],"fullName":"usePostureWS WebSocket connection management should reconnect on disconnection","status":"passed","title":"should reconnect on disconnection","duration":6.279599999999846,"failureMessages":[],"meta":{}},{"ancestorTitles":["usePostureWS","Message handling"],"fullName":"usePostureWS Message handling should handle ANALYSIS_RESULT response","status":"passed","title":"should handle ANALYSIS_RESULT response","duration":3.719499999999698,"failureMessages":[],"meta":{}},{"ancestorTitles":["usePostureWS","Message handling"],"fullName":"usePostureWS Message handling should handle JOINT_RESULT response","status":"passed","title":"should handle JOINT_RESULT response","duration":2.499499999999898,"failureMessages":[],"meta":{}},{"ancestorTitles":["usePostureWS","Message handling"],"fullName":"usePostureWS Message handling should treat a basic report as auxiliary content when markdown duplicates it","status":"passed","title":"should treat a basic report as auxiliary content when markdown duplicates it","duration":24.6259,"failureMessages":[],"meta":{}},{"ancestorTitles":["usePostureWS","Message handling"],"fullName":"usePostureWS Message handling should preserve base recommendations when deep report returns without them","status":"passed","title":"should preserve base recommendations when deep report returns without them","duration":5.057699999999841,"failureMessages":[],"meta":{}},{"ancestorTitles":["usePostureWS","Message handling"],"fullName":"usePostureWS Message handling should handle unknown message types","status":"passed","title":"should handle unknown message types","duration":2.1093000000000757,"failureMessages":[],"meta":{}},{"ancestorTitles":["usePostureWS","Message handling"],"fullName":"usePostureWS Message handling should handle invalid JSON messages","status":"passed","title":"should handle invalid JSON messages","duration":8.51890000000003,"failureMessages":[],"meta":{}},{"ancestorTitles":["usePostureWS","analyzeStepped method"],"fullName":"usePostureWS analyzeStepped method should send POSTURE_STEPPED_ANALYSIS message","status":"passed","title":"should send POSTURE_STEPPED_ANALYSIS message","duration":9.166400000000067,"failureMessages":[],"meta":{}},{"ancestorTitles":["usePostureWS","analyzeStepped method"],"fullName":"usePostureWS analyzeStepped method should not send message when frames array is empty","status":"passed","title":"should not send message when frames array is empty","duration":8.549800000000232,"failureMessages":[],"meta":{}},{"ancestorTitles":["usePostureWS","analyzeStepped method"],"fullName":"usePostureWS analyzeStepped method should attempt reconnect when WebSocket not ready","status":"passed","title":"should attempt reconnect when WebSocket not ready","duration":9.498700000000099,"failureMessages":[],"meta":{}},{"ancestorTitles":["usePostureWS","analyzeStepped method"],"fullName":"usePostureWS analyzeStepped method should send message when WebSocket is open","status":"passed","title":"should send message when WebSocket is open","duration":4.740800000000036,"failureMessages":[],"meta":{}},{"ancestorTitles":["usePostureWS","analyzeStepped method"],"fullName":"usePostureWS analyzeStepped method should serialize timeSeriesLandmarks correctly","status":"passed","title":"should serialize timeSeriesLandmarks correctly","duration":7.725500000000011,"failureMessages":[],"meta":{}},{"ancestorTitles":["usePostureWS","analyzeStepped method"],"fullName":"usePostureWS analyzeStepped method should handle all three view types","status":"passed","title":"should handle all three view types","duration":4.0393999999996595,"failureMessages":[],"meta":{}},{"ancestorTitles":["usePostureWS","Default URL"],"fullName":"usePostureWS Default URL should use default URL when no URL is provided","status":"passed","title":"should use default URL when no URL is provided","duration":9.57719999999972,"failureMessages":[],"meta":{}},{"ancestorTitles":["usePostureWS","Cleanup"],"fullName":"usePostureWS Cleanup should close WebSocket on unmount","status":"passed","title":"should close WebSocket on unmount","duration":3.1845000000002983,"failureMessages":[],"meta":{}},{"ancestorTitles":["usePostureWS","Cleanup"],"fullName":"usePostureWS Cleanup should remove event listeners on unmount","status":"passed","title":"should remove event listeners on unmount","duration":1.9398999999998523,"failureMessages":[],"meta":{}}],"startTime":1773112485350,"endTime":1773112485494.94,"status":"passed","message":"","name":"C:/Users/DORAT/Desktop/Rehab-main/src/hooks/__tests__/usePostureWS.test.ts"},{"assertionResults":[{"ancestorTitles":["report-center-insights"],"fullName":"report-center-insights builds cross-input insight cards for a rich session context","status":"passed","title":"builds cross-input insight cards for a rich session context","duration":0.9528000000000247,"failureMessages":[],"meta":{}},{"ancestorTitles":["report-center-insights"],"fullName":"report-center-insights builds a deterministic session draft report preview","status":"passed","title":"builds a deterministic session draft report preview","duration":0.4373000000000502,"failureMessages":[],"meta":{}}],"startTime":1773112487431,"endTime":1773112487432.4373,"status":"passed","message":"","name":"C:/Users/DORAT/Desktop/Rehab-main/src/hub/__tests__/report-center-insights.test.ts"},{"assertionResults":[{"ancestorTitles":["report-center-utils"],"fullName":"report-center-utils detects report payloads and previews across assessment types","status":"passed","title":"detects report payloads and previews across assessment types","duration":1.3208000000001903,"failureMessages":[],"meta":{}},{"ancestorTitles":["report-center-utils"],"fullName":"report-center-utils builds one session-level input with posture, rom, and medvoice outputs","status":"passed","title":"builds one session-level input with posture, rom, and medvoice outputs","duration":1.8877999999999702,"failureMessages":[],"meta":{}},{"ancestorTitles":["report-center-utils"],"fullName":"report-center-utils builds a session report generation payload from a session input","status":"passed","title":"builds a session report generation payload from a session input","duration":0.6744000000001051,"failureMessages":[],"meta":{}}],"startTime":1773112487325,"endTime":1773112487328.6743,"status":"passed","message":"","name":"C:/Users/DORAT/Desktop/Rehab-main/src/hub/__tests__/report-center-utils.test.ts"},{"assertionResults":[{"ancestorTitles":["useAssessmentRecordStore","初始状态"],"fullName":"useAssessmentRecordStore 初始状态 应该初始化为空状态","status":"passed","title":"应该初始化为空状态","duration":5.737700000000132,"failureMessages":[],"meta":{}},{"ancestorTitles":["useAssessmentRecordStore","addRecord"],"fullName":"useAssessmentRecordStore addRecord 应该成功添加评估记录","status":"passed","title":"应该成功添加评估记录","duration":2.0199000000002343,"failureMessages":[],"meta":{}},{"ancestorTitles":["useAssessmentRecordStore","addRecord"],"fullName":"useAssessmentRecordStore addRecord 应该将新记录设置为当前记录","status":"passed","title":"应该将新记录设置为当前记录","duration":1.253700000000208,"failureMessages":[],"meta":{}},{"ancestorTitles":["useAssessmentRecordStore","updateRecord"],"fullName":"useAssessmentRecordStore updateRecord 应该成功更新记录","status":"passed","title":"应该成功更新记录","duration":1.0454999999997199,"failureMessages":[],"meta":{}},{"ancestorTitles":["useAssessmentRecordStore","updateRecord"],"fullName":"useAssessmentRecordStore updateRecord 应该更新当前记录","status":"passed","title":"应该更新当前记录","duration":0.8591000000001259,"failureMessages":[],"meta":{}},{"ancestorTitles":["useAssessmentRecordStore","updateRecord"],"fullName":"useAssessmentRecordStore updateRecord 应该不影响其他记录","status":"passed","title":"应该不影响其他记录","duration":0.9764000000000124,"failureMessages":[],"meta":{}},{"ancestorTitles":["useAssessmentRecordStore","updateRecord"],"fullName":"useAssessmentRecordStore updateRecord 应该持久化更新到 localStorage","status":"passed","title":"应该持久化更新到 localStorage","duration":0.8731999999999971,"failureMessages":[],"meta":{}},{"ancestorTitles":["useAssessmentRecordStore","deleteRecord"],"fullName":"useAssessmentRecordStore deleteRecord 应该成功删除记录","status":"passed","title":"应该成功删除记录","duration":1.4115999999999076,"failureMessages":[],"meta":{}},{"ancestorTitles":["useAssessmentRecordStore","deleteRecord"],"fullName":"useAssessmentRecordStore deleteRecord 应该清除当前记录如果删除的是当前记录","status":"passed","title":"应该清除当前记录如果删除的是当前记录","duration":0.8337999999998829,"failureMessages":[],"meta":{}},{"ancestorTitles":["useAssessmentRecordStore","deleteRecord"],"fullName":"useAssessmentRecordStore deleteRecord 应该不影响其他记录","status":"passed","title":"应该不影响其他记录","duration":1.1720000000000255,"failureMessages":[],"meta":{}},{"ancestorTitles":["useAssessmentRecordStore","setCurrentRecord"],"fullName":"useAssessmentRecordStore setCurrentRecord 应该成功设置当前记录","status":"passed","title":"应该成功设置当前记录","duration":0.7663000000002285,"failureMessages":[],"meta":{}},{"ancestorTitles":["useAssessmentRecordStore","setCurrentRecord"],"fullName":"useAssessmentRecordStore setCurrentRecord 应该设置为null如果记录不存在","status":"passed","title":"应该设置为null如果记录不存在","duration":0.29950000000008004,"failureMessages":[],"meta":{}},{"ancestorTitles":["useAssessmentRecordStore","clearRecords"],"fullName":"useAssessmentRecordStore clearRecords 应该清空所有记录","status":"passed","title":"应该清空所有记录","duration":0.7743000000000393,"failureMessages":[],"meta":{}}],"startTime":1773112485433,"endTime":1773112485452.7744,"status":"passed","message":"","name":"C:/Users/DORAT/Desktop/Rehab-main/src/store/__tests__/useAssessmentRecordStore.test.ts"},{"assertionResults":[{"ancestorTitles":["useTreatmentPlanStore"],"fullName":"useTreatmentPlanStore streams and stores assessment-scoped plans","status":"passed","title":"streams and stores assessment-scoped plans","duration":2.9213999999999487,"failureMessages":[],"meta":{}},{"ancestorTitles":["useTreatmentPlanStore"],"fullName":"useTreatmentPlanStore streams and stores session-report-scoped plans","status":"passed","title":"streams and stores session-report-scoped plans","duration":0.9686999999998989,"failureMessages":[],"meta":{}},{"ancestorTitles":["useTreatmentPlanStore"],"fullName":"useTreatmentPlanStore records streaming errors","status":"passed","title":"records streaming errors","duration":0.44499999999993634,"failureMessages":[],"meta":{}}],"startTime":1773112487253,"endTime":1773112487257.445,"status":"passed","message":"","name":"C:/Users/DORAT/Desktop/Rehab-main/src/store/__tests__/useTreatmentPlanStore.test.ts"},{"assertionResults":[{"ancestorTitles":["useTreatmentPlanStore - 版本管理","初始状态"],"fullName":"useTreatmentPlanStore - 版本管理 初始状态 应该有正确的初始状态","status":"passed","title":"应该有正确的初始状态","duration":2.426200000000108,"failureMessages":[],"meta":{}},{"ancestorTitles":["useTreatmentPlanStore - 版本管理","saveVersion"],"fullName":"useTreatmentPlanStore - 版本管理 saveVersion 应该保存新版本","status":"passed","title":"应该保存新版本","duration":2.654299999999921,"failureMessages":[],"meta":{}},{"ancestorTitles":["useTreatmentPlanStore - 版本管理","saveVersion"],"fullName":"useTreatmentPlanStore - 版本管理 saveVersion 应该自动递增版本号","status":"passed","title":"应该自动递增版本号","duration":0.9599000000000615,"failureMessages":[],"meta":{}},{"ancestorTitles":["useTreatmentPlanStore - 版本管理","saveVersion"],"fullName":"useTreatmentPlanStore - 版本管理 saveVersion 应该将旧版本标记为非当前","status":"passed","title":"应该将旧版本标记为非当前","duration":0.603800000000092,"failureMessages":[],"meta":{}},{"ancestorTitles":["useTreatmentPlanStore - 版本管理","switchVersion"],"fullName":"useTreatmentPlanStore - 版本管理 switchVersion 应该切换到指定版本","status":"passed","title":"应该切换到指定版本","duration":0.7699000000000069,"failureMessages":[],"meta":{}},{"ancestorTitles":["useTreatmentPlanStore - 版本管理","switchVersion"],"fullName":"useTreatmentPlanStore - 版本管理 switchVersion 应该更新当前版本标记","status":"passed","title":"应该更新当前版本标记","duration":0.5917999999999211,"failureMessages":[],"meta":{}},{"ancestorTitles":["useTreatmentPlanStore - 版本管理","deleteVersion"],"fullName":"useTreatmentPlanStore - 版本管理 deleteVersion 应该删除指定版本","status":"passed","title":"应该删除指定版本","duration":1.013400000000047,"failureMessages":[],"meta":{}},{"ancestorTitles":["useTreatmentPlanStore - 版本管理","deleteVersion"],"fullName":"useTreatmentPlanStore - 版本管理 deleteVersion 删除当前版本时应切换到最新版本","status":"passed","title":"删除当前版本时应切换到最新版本","duration":0.550899999999956,"failureMessages":[],"meta":{}},{"ancestorTitles":["useTreatmentPlanStore - 版本管理","deleteVersion"],"fullName":"useTreatmentPlanStore - 版本管理 deleteVersion 删除所有版本时应清空当前内容","status":"passed","title":"删除所有版本时应清空当前内容","duration":0.5614000000000487,"failureMessages":[],"meta":{}},{"ancestorTitles":["useTreatmentPlanStore - 版本管理","updateVersionTags"],"fullName":"useTreatmentPlanStore - 版本管理 updateVersionTags 应该更新版本标签","status":"passed","title":"应该更新版本标签","duration":0.5856999999998607,"failureMessages":[],"meta":{}},{"ancestorTitles":["useTreatmentPlanStore - 版本管理","updateVersionNotes"],"fullName":"useTreatmentPlanStore - 版本管理 updateVersionNotes 应该更新版本备注","status":"passed","title":"应该更新版本备注","duration":0.478099999999813,"failureMessages":[],"meta":{}},{"ancestorTitles":["useTreatmentPlanStore - 版本管理","startCompare"],"fullName":"useTreatmentPlanStore - 版本管理 startCompare 应该开始版本对比","status":"passed","title":"应该开始版本对比","duration":0.3476999999998043,"failureMessages":[],"meta":{}},{"ancestorTitles":["useTreatmentPlanStore - 版本管理","endCompare"],"fullName":"useTreatmentPlanStore - 版本管理 endCompare 应该结束版本对比","status":"passed","title":"应该结束版本对比","duration":0.298200000000179,"failureMessages":[],"meta":{}}],"startTime":1773112487183,"endTime":1773112487196.3477,"status":"passed","message":"","name":"C:/Users/DORAT/Desktop/Rehab-main/src/store/__tests__/useTreatmentPlanStore.versions.test.ts"},{"assertionResults":[{"ancestorTitles":["TreatmentPlanVersion"],"fullName":"TreatmentPlanVersion supports assessment-scoped plan metadata","status":"passed","title":"supports assessment-scoped plan metadata","duration":0.9846999999999753,"failureMessages":[],"meta":{}},{"ancestorTitles":["TreatmentPlanVersion"],"fullName":"TreatmentPlanVersion supports session-report-scoped plan metadata","status":"passed","title":"supports session-report-scoped plan metadata","duration":0.7377999999998792,"failureMessages":[],"meta":{}}],"startTime":1773112487337,"endTime":1773112487338.7378,"status":"passed","message":"","name":"C:/Users/DORAT/Desktop/Rehab-main/src/types/__tests__/treatment-plan.test.ts"},{"assertionResults":[{"ancestorTitles":["AssessmentRecordStorage","saveRecord"],"fullName":"AssessmentRecordStorage saveRecord 应该成功保存评估记录","status":"passed","title":"应该成功保存评估记录","duration":4.064000000000078,"failureMessages":[],"meta":{}},{"ancestorTitles":["AssessmentRecordStorage","saveRecord"],"fullName":"AssessmentRecordStorage saveRecord 应该更新已存在的记录","status":"passed","title":"应该更新已存在的记录","duration":1.0751000000000204,"failureMessages":[],"meta":{}},{"ancestorTitles":["AssessmentRecordStorage","loadRecords"],"fullName":"AssessmentRecordStorage loadRecords 应该成功加载评估记录","status":"passed","title":"应该成功加载评估记录","duration":0.6699999999998454,"failureMessages":[],"meta":{}},{"ancestorTitles":["AssessmentRecordStorage","loadRecords"],"fullName":"AssessmentRecordStorage loadRecords 应该返回空数组当没有数据时","status":"passed","title":"应该返回空数组当没有数据时","duration":0.30780000000004293,"failureMessages":[],"meta":{}},{"ancestorTitles":["AssessmentRecordStorage","getRecord"],"fullName":"AssessmentRecordStorage getRecord 应该成功获取指定记录","status":"passed","title":"应该成功获取指定记录","duration":0.7180000000000746,"failureMessages":[],"meta":{}},{"ancestorTitles":["AssessmentRecordStorage","getRecord"],"fullName":"AssessmentRecordStorage getRecord 应该返回null当记录不存在时","status":"passed","title":"应该返回null当记录不存在时","duration":0.21679999999992106,"failureMessages":[],"meta":{}},{"ancestorTitles":["AssessmentRecordStorage","deleteRecord"],"fullName":"AssessmentRecordStorage deleteRecord 应该成功删除记录","status":"passed","title":"应该成功删除记录","duration":1.0025000000000546,"failureMessages":[],"meta":{}},{"ancestorTitles":["AssessmentRecordStorage","clearRecords"],"fullName":"AssessmentRecordStorage clearRecords 应该清空所有记录","status":"passed","title":"应该清空所有记录","duration":0.4354000000000724,"failureMessages":[],"meta":{}},{"ancestorTitles":["AssessmentRecordStorage","exportData"],"fullName":"AssessmentRecordStorage exportData 应该成功导出数据","status":"passed","title":"应该成功导出数据","duration":0.4356000000000222,"failureMessages":[],"meta":{}},{"ancestorTitles":["AssessmentRecordStorage","importData"],"fullName":"AssessmentRecordStorage importData 应该成功导入数据","status":"passed","title":"应该成功导入数据","duration":0.5627000000001772,"failureMessages":[],"meta":{}},{"ancestorTitles":["AssessmentRecordStorage","importData"],"fullName":"AssessmentRecordStorage importData 应该拒绝无效格式","status":"passed","title":"应该拒绝无效格式","duration":4.262599999999793,"failureMessages":[],"meta":{}},{"ancestorTitles":["AssessmentRecordStorage","getStorageInfo"],"fullName":"AssessmentRecordStorage getStorageInfo 应该返回存储信息","status":"passed","title":"应该返回存储信息","duration":0.6479000000001633,"failureMessages":[],"meta":{}},{"ancestorTitles":["AssessmentRecordStorage","getStorageInfo"],"fullName":"AssessmentRecordStorage getStorageInfo 应该返回0当没有数据时","status":"passed","title":"应该返回0当没有数据时","duration":0.15850000000000364,"failureMessages":[],"meta":{}},{"ancestorTitles":["AssessmentRecordStorage","validateImageSize"],"fullName":"AssessmentRecordStorage validateImageSize 应该验证图像大小","status":"passed","title":"应该验证图像大小","duration":3.5902000000000953,"failureMessages":[],"meta":{}},{"ancestorTitles":["AssessmentRecordStorage","cleanupOldRecords"],"fullName":"AssessmentRecordStorage cleanupOldRecords 应该清理旧记录","status":"passed","title":"应该清理旧记录","duration":1.220299999999952,"failureMessages":[],"meta":{}}],"startTime":1773112485311,"endTime":1773112485331.2202,"status":"passed","message":"","name":"C:/Users/DORAT/Desktop/Rehab-main/src/utils/__tests__/assessmentRecordStorage.test.ts"},{"assertionResults":[{"ancestorTitles":["imageUtils","validateImageSize"],"fullName":"imageUtils validateImageSize 应该验证小图像","status":"passed","title":"应该验证小图像","duration":3.5774999999998727,"failureMessages":[],"meta":{}},{"ancestorTitles":["imageUtils","validateImageSize"],"fullName":"imageUtils validateImageSize 应该拒绝大图像","status":"passed","title":"应该拒绝大图像","duration":3.7310999999999694,"failureMessages":[],"meta":{}},{"ancestorTitles":["imageUtils","validateImageSize"],"fullName":"imageUtils validateImageSize 应该使用默认大小限制","status":"passed","title":"应该使用默认大小限制","duration":0.5902999999998428,"failureMessages":[],"meta":{}},{"ancestorTitles":["imageUtils","fileToBase64"],"fullName":"imageUtils fileToBase64 应该将文件转换为Base64","status":"passed","title":"应该将文件转换为Base64","duration":2.444300000000112,"failureMessages":[],"meta":{}},{"ancestorTitles":["imageUtils","fileToBase64"],"fullName":"imageUtils fileToBase64 应该处理空文件","status":"passed","title":"应该处理空文件","duration":0.608600000000024,"failureMessages":[],"meta":{}},{"ancestorTitles":["imageUtils","getImageDimensions"],"fullName":"imageUtils getImageDimensions 应该获取图像尺寸","status":"passed","title":"应该获取图像尺寸","duration":12.297199999999975,"failureMessages":[],"meta":{}},{"ancestorTitles":["imageUtils","getImageDimensions"],"fullName":"imageUtils getImageDimensions 应该处理无效图像","status":"passed","title":"应该处理无效图像","duration":2.0774999999998727,"failureMessages":[],"meta":{}},{"ancestorTitles":["imageUtils","cropImageToBase64"],"fullName":"imageUtils cropImageToBase64 应该裁剪图像","status":"passed","title":"应该裁剪图像","duration":13.82549999999992,"failureMessages":[],"meta":{}},{"ancestorTitles":["imageUtils","cropImageToBase64"],"fullName":"imageUtils cropImageToBase64 应该处理无效参数","status":"passed","title":"应该处理无效参数","duration":14.872699999999895,"failureMessages":[],"meta":{}},{"ancestorTitles":["imageUtils","createThumbnail"],"fullName":"imageUtils createThumbnail 应该创建缩略图","status":"passed","title":"应该创建缩略图","duration":15.596600000000308,"failureMessages":[],"meta":{}},{"ancestorTitles":["imageUtils","createThumbnail"],"fullName":"imageUtils createThumbnail 应该使用默认大小","status":"passed","title":"应该使用默认大小","duration":15.121799999999894,"failureMessages":[],"meta":{}},{"ancestorTitles":["imageUtils","createThumbnail"],"fullName":"imageUtils createThumbnail 应该处理无效图像","status":"passed","title":"应该处理无效图像","duration":15.705199999999877,"failureMessages":[],"meta":{}},{"ancestorTitles":["imageUtils","compressImage"],"fullName":"imageUtils compressImage 应该压缩图像","status":"passed","title":"应该压缩图像","duration":10.648000000000138,"failureMessages":[],"meta":{}},{"ancestorTitles":["imageUtils","compressImage"],"fullName":"imageUtils compressImage 应该使用默认最大宽度","status":"passed","title":"应该使用默认最大宽度","duration":4.408500000000004,"failureMessages":[],"meta":{}},{"ancestorTitles":["imageUtils","compressImage"],"fullName":"imageUtils compressImage 应该处理无效文件","status":"passed","title":"应该处理无效文件","duration":15.826700000000073,"failureMessages":[],"meta":{}}],"startTime":1773112485220,"endTime":1773112485351.8267,"status":"passed","message":"","name":"C:/Users/DORAT/Desktop/Rehab-main/src/utils/__tests__/imageUtils.test.ts"},{"assertionResults":[{"ancestorTitles":["TreatmentPlanStorage","saveVersions"],"fullName":"TreatmentPlanStorage saveVersions 应该成功保存版本数据","status":"passed","title":"应该成功保存版本数据","duration":4.608300000000099,"failureMessages":[],"meta":{}},{"ancestorTitles":["TreatmentPlanStorage","saveVersions"],"fullName":"TreatmentPlanStorage saveVersions 应该保存空数组","status":"passed","title":"应该保存空数组","duration":0.9676999999999225,"failureMessages":[],"meta":{}},{"ancestorTitles":["TreatmentPlanStorage","loadVersions"],"fullName":"TreatmentPlanStorage loadVersions 应该成功加载版本数据","status":"passed","title":"应该成功加载版本数据","duration":0.828899999999976,"failureMessages":[],"meta":{}},{"ancestorTitles":["TreatmentPlanStorage","loadVersions"],"fullName":"TreatmentPlanStorage loadVersions 应该返回空数组当没有数据时","status":"passed","title":"应该返回空数组当没有数据时","duration":0.320699999999988,"failureMessages":[],"meta":{}},{"ancestorTitles":["TreatmentPlanStorage","loadVersions"],"fullName":"TreatmentPlanStorage loadVersions 应该清空数据当版本不匹配时","status":"passed","title":"应该清空数据当版本不匹配时","duration":1.743199999999888,"failureMessages":[],"meta":{}},{"ancestorTitles":["TreatmentPlanStorage","clearVersions"],"fullName":"TreatmentPlanStorage clearVersions 应该清空所有版本数据","status":"passed","title":"应该清空所有版本数据","duration":0.5442000000000462,"failureMessages":[],"meta":{}},{"ancestorTitles":["TreatmentPlanStorage","exportData"],"fullName":"TreatmentPlanStorage exportData 应该导出JSON格式数据","status":"passed","title":"应该导出JSON格式数据","duration":0.7760999999998148,"failureMessages":[],"meta":{}},{"ancestorTitles":["TreatmentPlanStorage","importData"],"fullName":"TreatmentPlanStorage importData 应该成功导入数据","status":"passed","title":"应该成功导入数据","duration":0.7371000000000549,"failureMessages":[],"meta":{}},{"ancestorTitles":["TreatmentPlanStorage","importData"],"fullName":"TreatmentPlanStorage importData 应该拒绝无效格式","status":"passed","title":"应该拒绝无效格式","duration":4.72829999999999,"failureMessages":[],"meta":{}},{"ancestorTitles":["TreatmentPlanStorage","importData"],"fullName":"TreatmentPlanStorage importData 应该处理JSON解析错误","status":"passed","title":"应该处理JSON解析错误","duration":1.3493000000000848,"failureMessages":[],"meta":{}},{"ancestorTitles":["TreatmentPlanStorage","getStorageInfo"],"fullName":"TreatmentPlanStorage getStorageInfo 应该返回存储信息","status":"passed","title":"应该返回存储信息","duration":1.061200000000099,"failureMessages":[],"meta":{}},{"ancestorTitles":["TreatmentPlanStorage","getStorageInfo"],"fullName":"TreatmentPlanStorage getStorageInfo 应该返回0当没有数据时","status":"passed","title":"应该返回0当没有数据时","duration":0.25099999999997635,"failureMessages":[],"meta":{}}],"startTime":1773112487208,"endTime":1773112487227.251,"status":"passed","message":"","name":"C:/Users/DORAT/Desktop/Rehab-main/src/utils/__tests__/treatmentPlanStorage.test.ts"},{"assertionResults":[{"ancestorTitles":["TreatmentPlanViewer"],"fullName":"TreatmentPlanViewer renders generate action and placeholder state","status":"passed","title":"renders generate action and placeholder state","duration":70.88660000000027,"failureMessages":[],"meta":{}},{"ancestorTitles":["TreatmentPlanViewer"],"fullName":"TreatmentPlanViewer calls generatePlan with assessment and patient ids","status":"passed","title":"calls generatePlan with assessment and patient ids","duration":35.685399999999845,"failureMessages":[],"meta":{}}],"startTime":1773112485963,"endTime":1773112486069.6853,"status":"passed","message":"","name":"C:/Users/DORAT/Desktop/Rehab-main/src/components/treatment/__tests__/TreatmentPlanViewer.test.tsx"},{"assertionResults":[{"ancestorTitles":["DataFlowIntegration"],"fullName":"DataFlowIntegration should flow data from capture to analysis data structure","status":"passed","title":"should flow data from capture to analysis data structure","duration":6.544300000000021,"failureMessages":[],"meta":{}},{"ancestorTitles":["DataFlowIntegration"],"fullName":"DataFlowIntegration should maintain temporal data integrity in timeSeries","status":"passed","title":"should maintain temporal data integrity in timeSeries","duration":5.8460999999999785,"failureMessages":[],"meta":{}},{"ancestorTitles":["DataFlowIntegration"],"fullName":"DataFlowIntegration should calculate stability metrics correctly","status":"passed","title":"should calculate stability metrics correctly","duration":1.490000000000009,"failureMessages":[],"meta":{}},{"ancestorTitles":["DataFlowIntegration"],"fullName":"DataFlowIntegration should aggregate metrics into averages correctly","status":"passed","title":"should aggregate metrics into averages correctly","duration":1.3659000000000106,"failureMessages":[],"meta":{}},{"ancestorTitles":["DataFlowIntegration"],"fullName":"DataFlowIntegration should handle complete flow through GlobalMonitor","status":"passed","title":"should handle complete flow through GlobalMonitor","duration":3.8459000000000287,"failureMessages":[],"meta":{}},{"ancestorTitles":["DataFlowIntegration"],"fullName":"DataFlowIntegration should maintain data consistency across processing pipeline","status":"passed","title":"should maintain data consistency across processing pipeline","duration":5.309500000000071,"failureMessages":[],"meta":{}},{"ancestorTitles":["DataFlowIntegration"],"fullName":"DataFlowIntegration should handle edge cases with minimal data","status":"passed","title":"should handle edge cases with minimal data","duration":0.9940999999998894,"failureMessages":[],"meta":{}},{"ancestorTitles":["DataFlowIntegration"],"fullName":"DataFlowIntegration should detect instability in swaying data","status":"passed","title":"should detect instability in swaying data","duration":1.6489999999998872,"failureMessages":[],"meta":{}},{"ancestorTitles":["DataFlowIntegration"],"fullName":"DataFlowIntegration should preserve view information across data flow","status":"passed","title":"should preserve view information across data flow","duration":1.6014000000000124,"failureMessages":[],"meta":{}}],"startTime":1773112485308,"endTime":1773112485336.6013,"status":"passed","message":"","name":"C:/Users/DORAT/Desktop/Rehab-main/src/plugins/vision3/__tests__/DataFlowIntegration.test.ts"},{"assertionResults":[{"ancestorTitles":["DataProcessor"],"fullName":"DataProcessor should correctly perform median filtering","status":"passed","title":"should correctly perform median filtering","duration":1.3537000000001171,"failureMessages":[],"meta":{}},{"ancestorTitles":["DataProcessor"],"fullName":"DataProcessor should correctly align lower body landmarks","status":"passed","title":"should correctly align lower body landmarks","duration":0.3818999999998596,"failureMessages":[],"meta":{}},{"ancestorTitles":["DataProcessor"],"fullName":"DataProcessor should process full body correctly","status":"passed","title":"should process full body correctly","duration":0.6757999999999811,"failureMessages":[],"meta":{}},{"ancestorTitles":["DataProcessor"],"fullName":"DataProcessor should prepare analysis data for LLM correctly","status":"passed","title":"should prepare analysis data for LLM correctly","duration":0.5753000000001975,"failureMessages":[],"meta":{}}],"startTime":1773112487312,"endTime":1773112487315.5752,"status":"passed","message":"","name":"C:/Users/DORAT/Desktop/Rehab-main/src/plugins/vision3/__tests__/DataProcessor.test.ts"},{"assertionResults":[{"ancestorTitles":["GlobalMonitor"],"fullName":"GlobalMonitor should start assessment and transition to prep_upper","status":"passed","title":"should start assessment and transition to prep_upper","duration":3.3876999999999953,"failureMessages":[],"meta":{}},{"ancestorTitles":["GlobalMonitor"],"fullName":"GlobalMonitor should reset stability if ROI check fails","status":"passed","title":"should reset stability if ROI check fails","duration":1.335800000000063,"failureMessages":[],"meta":{}},{"ancestorTitles":["GlobalMonitor"],"fullName":"GlobalMonitor should progress stability if ROI check passes and landmarks are stable","status":"passed","title":"should progress stability if ROI check passes and landmarks are stable","duration":1.4406000000001313,"failureMessages":[],"meta":{}},{"ancestorTitles":["GlobalMonitor"],"fullName":"GlobalMonitor should transition to capturing after 1s of stability","status":"passed","title":"should transition to capturing after 1s of stability","duration":1.83400000000006,"failureMessages":[],"meta":{}},{"ancestorTitles":["GlobalMonitor"],"fullName":"GlobalMonitor should handle capture phase and transition to lower body prep","status":"passed","title":"should handle capture phase and transition to lower body prep","duration":1.1367999999999938,"failureMessages":[],"meta":{}}],"startTime":1773112487207,"endTime":1773112487216.1367,"status":"passed","message":"","name":"C:/Users/DORAT/Desktop/Rehab-main/src/plugins/vision3/__tests__/GlobalMonitor.test.ts"},{"assertionResults":[{"ancestorTitles":["PostureAssessmentStore"],"fullName":"PostureAssessmentStore should initialize with idle state","status":"passed","title":"should initialize with idle state","duration":1.627100000000155,"failureMessages":[],"meta":{}},{"ancestorTitles":["PostureAssessmentStore"],"fullName":"PostureAssessmentStore should transition steps correctly","status":"passed","title":"should transition steps correctly","duration":0.31549999999992906,"failureMessages":[],"meta":{}},{"ancestorTitles":["PostureAssessmentStore"],"fullName":"PostureAssessmentStore should add frames correctly","status":"passed","title":"should add frames correctly","duration":0.28739999999993415,"failureMessages":[],"meta":{}},{"ancestorTitles":["PostureAssessmentStore"],"fullName":"PostureAssessmentStore should reset state correctly","status":"passed","title":"should reset state correctly","duration":0.18380000000001928,"failureMessages":[],"meta":{}}],"startTime":1773112487382,"endTime":1773112487385.1838,"status":"passed","message":"","name":"C:/Users/DORAT/Desktop/Rehab-main/src/plugins/vision3/__tests__/PostureAssessmentStore.test.ts"},{"assertionResults":[{"ancestorTitles":["buildReportInsightCards"],"fullName":"buildReportInsightCards builds visible insight cards from report text, issues, and metrics","status":"passed","title":"builds visible insight cards from report text, issues, and metrics","duration":3.181100000000015,"failureMessages":[],"meta":{}},{"ancestorTitles":["buildReportInsightCards"],"fullName":"buildReportInsightCards falls back to a maintenance card when no high-risk evidence is available","status":"passed","title":"falls back to a maintenance card when no high-risk evidence is available","duration":1.3903999999999996,"failureMessages":[],"meta":{}},{"ancestorTitles":["buildReportInsightCards"],"fullName":"buildReportInsightCards builds an immediate basic report from issues and metrics when auxiliary text is not ready yet","status":"passed","title":"builds an immediate basic report from issues and metrics when auxiliary text is not ready yet","duration":0.7071000000000822,"failureMessages":[],"meta":{}}],"startTime":1773112487253,"endTime":1773112487258.707,"status":"passed","message":"","name":"C:/Users/DORAT/Desktop/Rehab-main/src/plugins/vision3/__tests__/reportInsights.test.ts"},{"assertionResults":[{"ancestorTitles":["SteppedAssessmentOverlay","Initial rendering"],"fullName":"SteppedAssessmentOverlay Initial rendering should render without crashing","status":"passed","title":"should render without crashing","duration":51.98239999999987,"failureMessages":[],"meta":{}},{"ancestorTitles":["SteppedAssessmentOverlay","Initial rendering"],"fullName":"SteppedAssessmentOverlay Initial rendering should display front view by default","status":"passed","title":"should display front view by default","duration":65.8146999999999,"failureMessages":[],"meta":{}},{"ancestorTitles":["SteppedAssessmentOverlay","Initial rendering"],"fullName":"SteppedAssessmentOverlay Initial rendering should display side view","status":"passed","title":"should display side view","duration":18.063700000000154,"failureMessages":[],"meta":{}},{"ancestorTitles":["SteppedAssessmentOverlay","Initial rendering"],"fullName":"SteppedAssessmentOverlay Initial rendering should display back view","status":"passed","title":"should display back view","duration":13.07400000000007,"failureMessages":[],"meta":{}},{"ancestorTitles":["SteppedAssessmentOverlay","Initial rendering"],"fullName":"SteppedAssessmentOverlay Initial rendering should display correct view label","status":"passed","title":"should display correct view label","duration":13.269999999999982,"failureMessages":[],"meta":{}},{"ancestorTitles":["SteppedAssessmentOverlay","Initial rendering"],"fullName":"SteppedAssessmentOverlay Initial rendering should display correct view description","status":"passed","title":"should display correct view description","duration":16.23819999999978,"failureMessages":[],"meta":{}},{"ancestorTitles":["SteppedAssessmentOverlay","Status display"],"fullName":"SteppedAssessmentOverlay Status display should display idle status text","status":"passed","title":"should display idle status text","duration":9.540100000000166,"failureMessages":[],"meta":{}},{"ancestorTitles":["SteppedAssessmentOverlay","Status display"],"fullName":"SteppedAssessmentOverlay Status display should display scanning status text when not in position","status":"passed","title":"should display scanning status text when not in position","duration":20.538499999999658,"failureMessages":[],"meta":{}},{"ancestorTitles":["SteppedAssessmentOverlay","Status display"],"fullName":"SteppedAssessmentOverlay Status display should display scanning status text when in position","status":"passed","title":"should display scanning status text when in position","duration":40.56710000000021,"failureMessages":[],"meta":{}},{"ancestorTitles":["SteppedAssessmentOverlay","Status display"],"fullName":"SteppedAssessmentOverlay Status display should display countdown number","status":"passed","title":"should display countdown number","duration":15.544300000000021,"failureMessages":[],"meta":{}},{"ancestorTitles":["SteppedAssessmentOverlay","Status display"],"fullName":"SteppedAssessmentOverlay Status display should display recording status text","status":"passed","title":"should display recording status text","duration":20.166600000000017,"failureMessages":[],"meta":{}},{"ancestorTitles":["SteppedAssessmentOverlay","Status display"],"fullName":"SteppedAssessmentOverlay Status display should display completed status text","status":"passed","title":"should display completed status text","duration":14.771900000000187,"failureMessages":[],"meta":{}},{"ancestorTitles":["SteppedAssessmentOverlay","Progress tracking"],"fullName":"SteppedAssessmentOverlay Progress tracking should display recording progress bar","status":"passed","title":"should display recording progress bar","duration":214.0900999999999,"failureMessages":[],"meta":{}},{"ancestorTitles":["SteppedAssessmentOverlay","Progress tracking"],"fullName":"SteppedAssessmentOverlay Progress tracking should display recording progress percentage","status":"passed","title":"should display recording progress percentage","duration":13.914499999999862,"failureMessages":[],"meta":{}},{"ancestorTitles":["SteppedAssessmentOverlay","Progress tracking"],"fullName":"SteppedAssessmentOverlay Progress tracking should display bottom progress indicators","status":"passed","title":"should display bottom progress indicators","duration":28.976000000000113,"failureMessages":[],"meta":{}},{"ancestorTitles":["SteppedAssessmentOverlay","Progress tracking"],"fullName":"SteppedAssessmentOverlay Progress tracking should highlight captured views","status":"passed","title":"should highlight captured views","duration":15.324499999999716,"failureMessages":[],"meta":{}},{"ancestorTitles":["SteppedAssessmentOverlay","Progress tracking"],"fullName":"SteppedAssessmentOverlay Progress tracking should count captured results correctly","status":"passed","title":"should count captured results correctly","duration":13.24369999999999,"failureMessages":[],"meta":{}},{"ancestorTitles":["SteppedAssessmentOverlay","Capture result display"],"fullName":"SteppedAssessmentOverlay Capture result display should display captured result card when completed","status":"passed","title":"should display captured result card when completed","duration":18.008699999999862,"failureMessages":[],"meta":{}},{"ancestorTitles":["SteppedAssessmentOverlay","Capture result display"],"fullName":"SteppedAssessmentOverlay Capture result display should not display captured result card when not completed","status":"passed","title":"should not display captured result card when not completed","duration":10.324499999999716,"failureMessages":[],"meta":{}},{"ancestorTitles":["SteppedAssessmentOverlay","Button interactions"],"fullName":"SteppedAssessmentOverlay Button interactions should call onStartCapture when start button is clicked","status":"passed","title":"should call onStartCapture when start button is clicked","duration":18.789000000000215,"failureMessages":[],"meta":{}},{"ancestorTitles":["SteppedAssessmentOverlay","Button interactions"],"fullName":"SteppedAssessmentOverlay Button interactions should disable start button during capture","status":"passed","title":"should disable start button during capture","duration":105.8448999999996,"failureMessages":[],"meta":{}},{"ancestorTitles":["SteppedAssessmentOverlay","Button interactions"],"fullName":"SteppedAssessmentOverlay Button interactions should call onRetake when retake button is clicked","status":"passed","title":"should call onRetake when retake button is clicked","duration":12.962199999999939,"failureMessages":[],"meta":{}},{"ancestorTitles":["SteppedAssessmentOverlay","Button interactions"],"fullName":"SteppedAssessmentOverlay Button interactions should call onNextView when next button is clicked","status":"passed","title":"should call onNextView when next button is clicked","duration":20.908800000000156,"failureMessages":[],"meta":{}},{"ancestorTitles":["SteppedAssessmentOverlay","Button interactions"],"fullName":"SteppedAssessmentOverlay Button interactions should call onFinish when finish button is clicked","status":"passed","title":"should call onFinish when finish button is clicked","duration":13.360399999999572,"failureMessages":[],"meta":{}},{"ancestorTitles":["SteppedAssessmentOverlay","Button interactions"],"fullName":"SteppedAssessmentOverlay Button interactions should call onReset when reset button is clicked","status":"passed","title":"should call onReset when reset button is clicked","duration":7.8496000000000095,"failureMessages":[],"meta":{}},{"ancestorTitles":["SteppedAssessmentOverlay","Button interactions"],"fullName":"SteppedAssessmentOverlay Button interactions should not show next button on back view","status":"passed","title":"should not show next button on back view","duration":11.445700000000215,"failureMessages":[],"meta":{}},{"ancestorTitles":["SteppedAssessmentOverlay","Button interactions"],"fullName":"SteppedAssessmentOverlay Button interactions should show next button on front view","status":"passed","title":"should show next button on front view","duration":22.978599999999915,"failureMessages":[],"meta":{}},{"ancestorTitles":["SteppedAssessmentOverlay","Button interactions"],"fullName":"SteppedAssessmentOverlay Button interactions should show next button on side view","status":"passed","title":"should show next button on side view","duration":15.96270000000004,"failureMessages":[],"meta":{}},{"ancestorTitles":["SteppedAssessmentOverlay","Position detection UI"],"fullName":"SteppedAssessmentOverlay Position detection UI should display scanning indicator when not in position","status":"passed","title":"should display scanning indicator when not in position","duration":22.207300000000032,"failureMessages":[],"meta":{}},{"ancestorTitles":["SteppedAssessmentOverlay","Position detection UI"],"fullName":"SteppedAssessmentOverlay Position detection UI should display locked indicator when in position","status":"passed","title":"should display locked indicator when in position","duration":10.743399999999838,"failureMessages":[],"meta":{}},{"ancestorTitles":["SteppedAssessmentOverlay","Multi-view progress display"],"fullName":"SteppedAssessmentOverlay Multi-view progress display should display all three view labels","status":"passed","title":"should display all three view labels","duration":14.971799999999803,"failureMessages":[],"meta":{}},{"ancestorTitles":["SteppedAssessmentOverlay","Multi-view progress display"],"fullName":"SteppedAssessmentOverlay Multi-view progress display should display all three view labels in Chinese","status":"passed","title":"should display all three view labels in Chinese","duration":13.444100000000162,"failureMessages":[],"meta":{}},{"ancestorTitles":["SteppedAssessmentOverlay","Multi-view progress display"],"fullName":"SteppedAssessmentOverlay Multi-view progress display should mark captured views with checkmark","status":"passed","title":"should mark captured views with checkmark","duration":7.223700000000008,"failureMessages":[],"meta":{}},{"ancestorTitles":["SteppedAssessmentOverlay","Edge cases"],"fullName":"SteppedAssessmentOverlay Edge cases should handle empty steppedResults","status":"passed","title":"should handle empty steppedResults","duration":9.85799999999972,"failureMessages":[],"meta":{}},{"ancestorTitles":["SteppedAssessmentOverlay","Edge cases"],"fullName":"SteppedAssessmentOverlay Edge cases should handle zero recording progress","status":"passed","title":"should handle zero recording progress","duration":11.058199999999943,"failureMessages":[],"meta":{}},{"ancestorTitles":["SteppedAssessmentOverlay","Edge cases"],"fullName":"SteppedAssessmentOverlay Edge cases should handle 100% recording progress","status":"passed","title":"should handle 100% recording progress","duration":14.878799999999956,"failureMessages":[],"meta":{}},{"ancestorTitles":["SteppedAssessmentOverlay","Edge cases"],"fullName":"SteppedAssessmentOverlay Edge cases should handle maximum countdown value","status":"passed","title":"should handle maximum countdown value","duration":18.228900000000067,"failureMessages":[],"meta":{}},{"ancestorTitles":["SteppedAssessmentOverlay","Edge cases"],"fullName":"SteppedAssessmentOverlay Edge cases should handle minimum countdown value","status":"passed","title":"should handle minimum countdown value","duration":11.166600000000017,"failureMessages":[],"meta":{}},{"ancestorTitles":["SteppedAssessmentOverlay","Edge cases"],"fullName":"SteppedAssessmentOverlay Edge cases should handle all three views captured","status":"passed","title":"should handle all three views captured","duration":14.367400000000089,"failureMessages":[],"meta":{}}],"startTime":1773112485588,"endTime":1773112486584.3674,"status":"passed","message":"","name":"C:/Users/DORAT/Desktop/Rehab-main/src/plugins/vision3/__tests__/SteppedAssessmentOverlay.test.tsx"},{"assertionResults":[{"ancestorTitles":["usePostureAnalysis"],"fullName":"usePostureAnalysis initializes with current defaults","status":"passed","title":"initializes with current defaults","duration":28.933300000000145,"failureMessages":[],"meta":{}},{"ancestorTitles":["usePostureAnalysis"],"fullName":"usePostureAnalysis registers the global analysis callback and forwards batch analysis","status":"passed","title":"registers the global analysis callback and forwards batch analysis","duration":6.63819999999987,"failureMessages":[],"meta":{}},{"ancestorTitles":["usePostureAnalysis"],"fullName":"usePostureAnalysis converts websocket head axes into renderable axes","status":"passed","title":"converts websocket head axes into renderable axes","duration":8.26319999999987,"failureMessages":[],"meta":{}},{"ancestorTitles":["usePostureAnalysis"],"fullName":"usePostureAnalysis maps capture status setter to state-machine actions","status":"passed","title":"maps capture status setter to state-machine actions","duration":5.151000000000295,"failureMessages":[],"meta":{}},{"ancestorTitles":["usePostureAnalysis"],"fullName":"usePostureAnalysis marks the assessment step completed when markdown arrives","status":"passed","title":"marks the assessment step completed when markdown arrives","duration":24.961899999999787,"failureMessages":[],"meta":{}},{"ancestorTitles":["usePostureAnalysis"],"fullName":"usePostureAnalysis marks the assessment step completed when auxiliary diagnosis arrives without markdown","status":"passed","title":"marks the assessment step completed when auxiliary diagnosis arrives without markdown","duration":28.303300000000036,"failureMessages":[],"meta":{}},{"ancestorTitles":["usePostureAnalysis"],"fullName":"usePostureAnalysis forwards pose results to the capture state machine and monitor","status":"passed","title":"forwards pose results to the capture state machine and monitor","duration":6.40059999999994,"failureMessages":[],"meta":{}},{"ancestorTitles":["usePostureAnalysis"],"fullName":"usePostureAnalysis surfaces an error when quick stepped auto analysis fails","status":"passed","title":"surfaces an error when quick stepped auto analysis fails","duration":14.733299999999872,"failureMessages":[],"meta":{}}],"startTime":1773112485584,"endTime":1773112485707.7334,"status":"passed","message":"","name":"C:/Users/DORAT/Desktop/Rehab-main/src/plugins/vision3/__tests__/usePostureAnalysis.test.ts"},{"assertionResults":[{"ancestorTitles":["usePostureCapture"],"fullName":"usePostureCapture should initialize with default values","status":"passed","title":"should initialize with default values","duration":22.868799999999965,"failureMessages":[],"meta":{}},{"ancestorTitles":["usePostureCapture"],"fullName":"usePostureCapture should detect valid user position correctly","status":"passed","title":"should detect valid user position correctly","duration":9.544800000000123,"failureMessages":[],"meta":{}},{"ancestorTitles":["usePostureCapture"],"fullName":"usePostureCapture should detect invalid user position","status":"passed","title":"should detect invalid user position","duration":6.163900000000012,"failureMessages":[],"meta":{}},{"ancestorTitles":["usePostureCapture"],"fullName":"usePostureCapture should handle insufficient landmarks","status":"passed","title":"should handle insufficient landmarks","duration":4.536000000000058,"failureMessages":[],"meta":{}},{"ancestorTitles":["usePostureCapture"],"fullName":"usePostureCapture should trigger countdown when user is in position during scanning","status":"passed","title":"should trigger countdown when user is in position during scanning","duration":5.5142000000000735,"failureMessages":[],"meta":{}},{"ancestorTitles":["usePostureCapture"],"fullName":"usePostureCapture should countdown from 5 to 0","status":"passed","title":"should countdown from 5 to 0","duration":6.360599999999977,"failureMessages":[],"meta":{}},{"ancestorTitles":["usePostureCapture"],"fullName":"usePostureCapture should manage landmarks buffer correctly (max 30 frames)","status":"passed","title":"should manage landmarks buffer correctly (max 30 frames)","duration":3.524299999999812,"failureMessages":[],"meta":{}},{"ancestorTitles":["usePostureCapture"],"fullName":"usePostureCapture should not trigger position detection in entry mode","status":"passed","title":"should not trigger position detection in entry mode","duration":3.403200000000197,"failureMessages":[],"meta":{}},{"ancestorTitles":["usePostureCapture"],"fullName":"usePostureCapture should not trigger position detection in non-posture tab","status":"passed","title":"should not trigger position detection in non-posture tab","duration":2.8256000000001222,"failureMessages":[],"meta":{}},{"ancestorTitles":["usePostureCapture"],"fullName":"usePostureCapture should reset countdown when entering countdown status","status":"passed","title":"should reset countdown when entering countdown status","duration":4.050799999999981,"failureMessages":[],"meta":{}},{"ancestorTitles":["usePostureCapture"],"fullName":"usePostureCapture should trigger recording after countdown","status":"passed","title":"should trigger recording after countdown","duration":5.348500000000058,"failureMessages":[],"meta":{}},{"ancestorTitles":["usePostureCapture"],"fullName":"usePostureCapture should handle transition from idle to scanning without triggering countdown","status":"passed","title":"should handle transition from idle to scanning without triggering countdown","duration":3.7826999999997497,"failureMessages":[],"meta":{}},{"ancestorTitles":["usePostureCapture","2-second time-series capture"],"fullName":"usePostureCapture 2-second time-series capture should initialize with recordingProgress at 0","status":"passed","title":"should initialize with recordingProgress at 0","duration":9.127200000000357,"failureMessages":[],"meta":{}},{"ancestorTitles":["usePostureCapture","2-second time-series capture"],"fullName":"usePostureCapture 2-second time-series capture should accumulate landmarks in recording buffer during recording","status":"passed","title":"should accumulate landmarks in recording buffer during recording","duration":2.528400000000147,"failureMessages":[],"meta":{}},{"ancestorTitles":["usePostureCapture","2-second time-series capture"],"fullName":"usePostureCapture 2-second time-series capture should update recording progress during 2-second capture","status":"passed","title":"should update recording progress during 2-second capture","duration":4.1590000000001055,"failureMessages":[],"meta":{}},{"ancestorTitles":["usePostureCapture","2-second time-series capture"],"fullName":"usePostureCapture 2-second time-series capture should complete 2-second recording and capture time-series data in realtime mode","status":"passed","title":"should complete 2-second recording and capture time-series data in realtime mode","duration":3.9386999999996988,"failureMessages":[],"meta":{}},{"ancestorTitles":["usePostureCapture","2-second time-series capture"],"fullName":"usePostureCapture 2-second time-series capture should complete 2-second recording and transition to completed in stepped mode","status":"passed","title":"should complete 2-second recording and transition to completed in stepped mode","duration":7.308600000000297,"failureMessages":[],"meta":{}},{"ancestorTitles":["usePostureCapture","2-second time-series capture"],"fullName":"usePostureCapture 2-second time-series capture should cap recording progress at 100%","status":"passed","title":"should cap recording progress at 100%","duration":3.492899999999736,"failureMessages":[],"meta":{}},{"ancestorTitles":["usePostureCapture","2-second time-series capture"],"fullName":"usePostureCapture 2-second time-series capture should reset recording progress when entering recording status","status":"passed","title":"should reset recording progress when entering recording status","duration":6.753100000000359,"failureMessages":[],"meta":{}},{"ancestorTitles":["usePostureCapture","2-second time-series capture"],"fullName":"usePostureCapture 2-second time-series capture should capture approximately 60 frames in 2 seconds at 30fps","status":"passed","title":"should capture approximately 60 frames in 2 seconds at 30fps","duration":23.758000000000266,"failureMessages":[],"meta":{}},{"ancestorTitles":["usePostureCapture","2-second time-series capture"],"fullName":"usePostureCapture 2-second time-series capture should handle early termination of recording","status":"passed","title":"should handle early termination of recording","duration":2.8785000000002583,"failureMessages":[],"meta":{}}],"startTime":1773112485219,"endTime":1773112485361.8784,"status":"passed","message":"","name":"C:/Users/DORAT/Desktop/Rehab-main/src/plugins/vision3/__tests__/usePostureCapture.test.ts"},{"assertionResults":[{"ancestorTitles":["Vision3CameraStage - Skeleton Rendering","Skeleton Visibility"],"fullName":"Vision3CameraStage - Skeleton Rendering Skeleton Visibility should render skeleton overlay when camera is on","status":"passed","title":"should render skeleton overlay when camera is on","duration":395.7215000000001,"failureMessages":[],"meta":{}},{"ancestorTitles":["Vision3CameraStage - Skeleton Rendering","Skeleton Visibility"],"fullName":"Vision3CameraStage - Skeleton Rendering Skeleton Visibility should maintain skeleton visibility during capture status transitions","status":"passed","title":"should maintain skeleton visibility during capture status transitions","duration":126.5636999999997,"failureMessages":[],"meta":{}},{"ancestorTitles":["Vision3CameraStage - Skeleton Rendering","Skeleton Visibility"],"fullName":"Vision3CameraStage - Skeleton Rendering Skeleton Visibility should not hide skeleton when switching between views","status":"passed","title":"should not hide skeleton when switching between views","duration":64.47500000000036,"failureMessages":[],"meta":{}},{"ancestorTitles":["Vision3CameraStage - Skeleton Rendering","Skeleton Rendering Edge Cases"],"fullName":"Vision3CameraStage - Skeleton Rendering Skeleton Rendering Edge Cases should handle empty landmarks gracefully","status":"passed","title":"should handle empty landmarks gracefully","duration":77.04329999999982,"failureMessages":[],"meta":{}},{"ancestorTitles":["Vision3CameraStage - Skeleton Rendering","Skeleton Rendering Edge Cases"],"fullName":"Vision3CameraStage - Skeleton Rendering Skeleton Rendering Edge Cases should handle low visibility landmarks","status":"passed","title":"should handle low visibility landmarks","duration":30.92450000000008,"failureMessages":[],"meta":{}},{"ancestorTitles":["Vision3CameraStage - Skeleton Rendering","Skeleton Mirroring"],"fullName":"Vision3CameraStage - Skeleton Rendering Skeleton Mirroring should apply mirroring when isMirrored is true","status":"passed","title":"should apply mirroring when isMirrored is true","duration":32.14960000000019,"failureMessages":[],"meta":{}},{"ancestorTitles":["Vision3CameraStage - Skeleton Rendering","Skeleton Mirroring"],"fullName":"Vision3CameraStage - Skeleton Rendering Skeleton Mirroring should not apply mirroring when isMirrored is false","status":"passed","title":"should not apply mirroring when isMirrored is false","duration":34.490200000000186,"failureMessages":[],"meta":{}},{"ancestorTitles":["Vision3CameraStage - Skeleton Rendering","Skeleton Performance"],"fullName":"Vision3CameraStage - Skeleton Rendering Skeleton Performance should not cause re-renders on every frame","status":"passed","title":"should not cause re-renders on every frame","duration":27.884500000000116,"failureMessages":[],"meta":{}}],"startTime":1773112485806,"endTime":1773112486596.8845,"status":"passed","message":"","name":"C:/Users/DORAT/Desktop/Rehab-main/src/plugins/vision3/__tests__/Vision3CameraStage.skeleton.test.tsx"},{"assertionResults":[{"ancestorTitles":["Vision3EntryHub - Assessment Mode Selection","Standard Assessment Mode"],"fullName":"Vision3EntryHub - Assessment Mode Selection Standard Assessment Mode should display standard assessment card","status":"passed","title":"should display standard assessment card","duration":256.64390000000003,"failureMessages":[],"meta":{}},{"ancestorTitles":["Vision3EntryHub - Assessment Mode Selection","Standard Assessment Mode"],"fullName":"Vision3EntryHub - Assessment Mode Selection Standard Assessment Mode should call onSelectMode with standard assessment defaults","status":"passed","title":"should call onSelectMode with standard assessment defaults","duration":63.03269999999975,"failureMessages":[],"meta":{}},{"ancestorTitles":["Vision3EntryHub - Assessment Mode Selection","Standard Assessment Mode"],"fullName":"Vision3EntryHub - Assessment Mode Selection Standard Assessment Mode should display standard assessment features","status":"passed","title":"should display standard assessment features","duration":23.954299999999876,"failureMessages":[],"meta":{}},{"ancestorTitles":["Vision3EntryHub - Assessment Mode Selection","Quick Assessment Mode"],"fullName":"Vision3EntryHub - Assessment Mode Selection Quick Assessment Mode should display quick assessment card","status":"passed","title":"should display quick assessment card","duration":57.47029999999995,"failureMessages":[],"meta":{}},{"ancestorTitles":["Vision3EntryHub - Assessment Mode Selection","Quick Assessment Mode"],"fullName":"Vision3EntryHub - Assessment Mode Selection Quick Assessment Mode should display view selector buttons","status":"passed","title":"should display view selector buttons","duration":86.49389999999994,"failureMessages":[],"meta":{}},{"ancestorTitles":["Vision3EntryHub - Assessment Mode Selection","Quick Assessment Mode"],"fullName":"Vision3EntryHub - Assessment Mode Selection Quick Assessment Mode should call onSelectMode with quick mode and front view when front is clicked","status":"passed","title":"should call onSelectMode with quick mode and front view when front is clicked","duration":45.64409999999998,"failureMessages":[],"meta":{}},{"ancestorTitles":["Vision3EntryHub - Assessment Mode Selection","Quick Assessment Mode"],"fullName":"Vision3EntryHub - Assessment Mode Selection Quick Assessment Mode should call onSelectMode with quick mode and side view when side is clicked","status":"passed","title":"should call onSelectMode with quick mode and side view when side is clicked","duration":53.284599999999955,"failureMessages":[],"meta":{}},{"ancestorTitles":["Vision3EntryHub - Assessment Mode Selection","Quick Assessment Mode"],"fullName":"Vision3EntryHub - Assessment Mode Selection Quick Assessment Mode should call onSelectMode with quick mode and back view when back is clicked","status":"passed","title":"should call onSelectMode with quick mode and back view when back is clicked","duration":76.92259999999987,"failureMessages":[],"meta":{}},{"ancestorTitles":["Vision3EntryHub - Assessment Mode Selection","Quick Assessment Mode"],"fullName":"Vision3EntryHub - Assessment Mode Selection Quick Assessment Mode should display quick assessment features","status":"passed","title":"should display quick assessment features","duration":24.88269999999966,"failureMessages":[],"meta":{}},{"ancestorTitles":["Vision3EntryHub - Assessment Mode Selection","Accessibility"],"fullName":"Vision3EntryHub - Assessment Mode Selection Accessibility should have proper ARIA labels for action buttons","status":"passed","title":"should have proper ARIA labels for action buttons","duration":64.3768,"failureMessages":[],"meta":{}},{"ancestorTitles":["Vision3EntryHub - Assessment Mode Selection","Accessibility"],"fullName":"Vision3EntryHub - Assessment Mode Selection Accessibility should be keyboard navigable","status":"passed","title":"should be keyboard navigable","duration":105.7533999999996,"failureMessages":[],"meta":{}}],"startTime":1773112485310,"endTime":1773112486169.7534,"status":"passed","message":"","name":"C:/Users/DORAT/Desktop/Rehab-main/src/plugins/vision3/__tests__/Vision3EntryHub.test.tsx"},{"assertionResults":[{"ancestorTitles":["Vision3Plugin Rendering Logic (Phase 3 TDD)"],"fullName":"Vision3Plugin Rendering Logic (Phase 3 TDD) should map head_axes to structured axes","status":"passed","title":"should map head_axes to structured axes","duration":0.9437000000000353,"failureMessages":[],"meta":{}},{"ancestorTitles":["Vision3Plugin Rendering Logic (Phase 3 TDD)"],"fullName":"Vision3Plugin Rendering Logic (Phase 3 TDD) should render three axes and labels","status":"passed","title":"should render three axes and labels","duration":1.7121999999999389,"failureMessages":[],"meta":{}}],"startTime":1773112487421,"endTime":1773112487423.7122,"status":"passed","message":"","name":"C:/Users/DORAT/Desktop/Rehab-main/src/plugins/vision3/__tests__/Vision3Plugin.rendering.test.tsx"}]}